[0.028s] Invoking command in '/overlay_ws/build/ariac_gazebo': CMAKE_PREFIX_PATH=${CMAKE_PREFIX_PATH}:/overlay_ws/install/ariac_gui:/opt/ros/iron /usr/bin/cmake --build /overlay_ws/build/ariac_gazebo -- -j12 -l12
[0.114s] Built target ament_cmake_python_symlink_ariac_gazebo
[0.547s] running egg_info
[0.548s] writing ariac_gazebo.egg-info/PKG-INFO
[0.549s] writing dependency_links to ariac_gazebo.egg-info/dependency_links.txt
[0.550s] writing top-level names to ariac_gazebo.egg-info/top_level.txt
[0.556s] reading manifest file 'ariac_gazebo.egg-info/SOURCES.txt'
[0.558s] writing manifest file 'ariac_gazebo.egg-info/SOURCES.txt'
[0.618s] Built target ament_cmake_python_build_ariac_gazebo_egg
[0.636s] running install_scripts
[0.648s] /usr/lib/python3/dist-packages/setuptools/command/install.py:34: SetuptoolsDeprecationWarning: setup.py install is deprecated. Use build and pip and other standards-based tools.
[0.648s]   warnings.warn(
[0.690s] running egg_info
[0.691s] writing ariac_gazebo.egg-info/PKG-INFO
[0.691s] writing dependency_links to ariac_gazebo.egg-info/dependency_links.txt
[0.692s] writing top-level names to ariac_gazebo.egg-info/top_level.txt
[0.694s] reading manifest file 'ariac_gazebo.egg-info/SOURCES.txt'
[0.695s] writing manifest file 'ariac_gazebo.egg-info/SOURCES.txt'
[0.740s] Built target ament_cmake_python_build_ariac_gazebo_scripts
[0.758s] Invoked command in '/overlay_ws/build/ariac_gazebo' returned '0': CMAKE_PREFIX_PATH=${CMAKE_PREFIX_PATH}:/overlay_ws/install/ariac_gui:/opt/ros/iron /usr/bin/cmake --build /overlay_ws/build/ariac_gazebo -- -j12 -l12
[0.799s] Invoking command in '/overlay_ws/build/ariac_gazebo': CMAKE_PREFIX_PATH=${CMAKE_PREFIX_PATH}:/overlay_ws/install/ariac_gui:/opt/ros/iron /usr/bin/cmake --install /overlay_ws/build/ariac_gazebo
[0.810s] -- Install configuration: ""
[0.811s] -- Execute custom install script
[0.813s] -- Up-to-date symlink: /overlay_ws/install/ariac_gazebo/share/ariac_gazebo/config/ariac.rviz
[0.813s] -- Up-to-date symlink: /overlay_ws/install/ariac_gazebo/share/ariac_gazebo/config/object_poses.yaml
[0.814s] -- Up-to-date symlink: /overlay_ws/install/ariac_gazebo/share/ariac_gazebo/config/sensors.yaml
[0.814s] -- Up-to-date symlink: /overlay_ws/install/ariac_gazebo/share/ariac_gazebo/config/trials/assembly.yaml
[0.814s] -- Up-to-date symlink: /overlay_ws/install/ariac_gazebo/share/ariac_gazebo/config/trials/assembly_all_stations.yaml
[0.815s] -- Up-to-date symlink: /overlay_ws/install/ariac_gazebo/share/ariac_gazebo/config/trials/combined.yaml
[0.816s] -- Up-to-date symlink: /overlay_ws/install/ariac_gazebo/share/ariac_gazebo/config/trials/kitting.yaml
[0.816s] -- Up-to-date symlink: /overlay_ws/install/ariac_gazebo/share/ariac_gazebo/config/trials/tutorial.yaml
[0.817s] -- Up-to-date symlink: /overlay_ws/install/ariac_gazebo/share/ariac_gazebo/launch/ariac.launch.py
[0.829s] -- Up-to-date symlink: /overlay_ws/install/ariac_gazebo/share/ariac_gazebo/models/agv_path/meshes/__auto_.png
[0.830s] -- Up-to-date symlink: /overlay_ws/install/ariac_gazebo/share/ariac_gazebo/models/agv_path/meshes/path.dae
[0.830s] -- Up-to-date symlink: /overlay_ws/install/ariac_gazebo/share/ariac_gazebo/models/agv_path/model.config
[0.830s] -- Up-to-date symlink: /overlay_ws/install/ariac_gazebo/share/ariac_gazebo/models/agv_path/model.sdf
[0.831s] -- Up-to-date symlink: /overlay_ws/install/ariac_gazebo/share/ariac_gazebo/models/assembly_insert/meshes/battery_contact.stl
[0.831s] -- Up-to-date symlink: /overlay_ws/install/ariac_gazebo/share/ariac_gazebo/models/assembly_insert/meshes/hardware.stl
[0.832s] -- Up-to-date symlink: /overlay_ws/install/ariac_gazebo/share/ariac_gazebo/models/assembly_insert/meshes/insert_base.stl
[0.832s] -- Up-to-date symlink: /overlay_ws/install/ariac_gazebo/share/ariac_gazebo/models/assembly_insert/meshes/insert_collision.stl
[0.832s] -- Up-to-date symlink: /overlay_ws/install/ariac_gazebo/share/ariac_gazebo/models/assembly_insert/meshes/mounts.stl
[0.833s] -- Up-to-date symlink: /overlay_ws/install/ariac_gazebo/share/ariac_gazebo/models/assembly_insert/meshes/pipe_1.stl
[0.833s] -- Up-to-date symlink: /overlay_ws/install/ariac_gazebo/share/ariac_gazebo/models/assembly_insert/meshes/pipe_2.stl
[0.833s] -- Up-to-date symlink: /overlay_ws/install/ariac_gazebo/share/ariac_gazebo/models/assembly_insert/meshes/pump_contact.stl
[0.834s] -- Up-to-date symlink: /overlay_ws/install/ariac_gazebo/share/ariac_gazebo/models/assembly_insert/meshes/regulator_contact.stl
[0.834s] -- Up-to-date symlink: /overlay_ws/install/ariac_gazebo/share/ariac_gazebo/models/assembly_insert/meshes/screen.stl
[0.834s] -- Up-to-date symlink: /overlay_ws/install/ariac_gazebo/share/ariac_gazebo/models/assembly_insert/meshes/sensor_contact.stl
[0.835s] -- Up-to-date symlink: /overlay_ws/install/ariac_gazebo/share/ariac_gazebo/models/assembly_insert/model.config
[0.835s] -- Up-to-date symlink: /overlay_ws/install/ariac_gazebo/share/ariac_gazebo/models/assembly_insert/model.sdf
[0.836s] -- Up-to-date symlink: /overlay_ws/install/ariac_gazebo/share/ariac_gazebo/models/assembly_table/meshes/assembly_table_collision.stl
[0.836s] -- Up-to-date symlink: /overlay_ws/install/ariac_gazebo/share/ariac_gazebo/models/assembly_table/meshes/leg1.stl
[0.836s] -- Up-to-date symlink: /overlay_ws/install/ariac_gazebo/share/ariac_gazebo/models/assembly_table/meshes/leg2.stl
[0.837s] -- Up-to-date symlink: /overlay_ws/install/ariac_gazebo/share/ariac_gazebo/models/assembly_table/meshes/leg3.stl
[0.837s] -- Up-to-date symlink: /overlay_ws/install/ariac_gazebo/share/ariac_gazebo/models/assembly_table/meshes/leg4.stl
[0.837s] -- Up-to-date symlink: /overlay_ws/install/ariac_gazebo/share/ariac_gazebo/models/assembly_table/meshes/table_top.stl
[0.838s] -- Up-to-date symlink: /overlay_ws/install/ariac_gazebo/share/ariac_gazebo/models/assembly_table/meshes/tape_outline.stl
[0.838s] -- Up-to-date symlink: /overlay_ws/install/ariac_gazebo/share/ariac_gazebo/models/assembly_table/model.config
[0.838s] -- Up-to-date symlink: /overlay_ws/install/ariac_gazebo/share/ariac_gazebo/models/assembly_table/model.sdf
[0.839s] -- Up-to-date symlink: /overlay_ws/install/ariac_gazebo/share/ariac_gazebo/models/battery/meshes/battery_base.stl
[0.839s] -- Up-to-date symlink: /overlay_ws/install/ariac_gazebo/share/ariac_gazebo/models/battery/meshes/battery_cap.stl
[0.840s] -- Up-to-date symlink: /overlay_ws/install/ariac_gazebo/share/ariac_gazebo/models/battery/meshes/battery_collision.stl
[0.840s] -- Up-to-date symlink: /overlay_ws/install/ariac_gazebo/share/ariac_gazebo/models/battery/meshes/battery_pins.stl
[0.840s] -- Up-to-date symlink: /overlay_ws/install/ariac_gazebo/share/ariac_gazebo/models/battery/model.config
[0.840s] -- Up-to-date symlink: /overlay_ws/install/ariac_gazebo/share/ariac_gazebo/models/battery/model.sdf
[0.841s] -- Up-to-date symlink: /overlay_ws/install/ariac_gazebo/share/ariac_gazebo/models/box_pallets/meshes/AM200_029_01_Diffuse.jpg
[0.842s] -- Up-to-date symlink: /overlay_ws/install/ariac_gazebo/share/ariac_gazebo/models/box_pallets/meshes/AM200_029_02_Diffuse.jpg
[0.842s] -- Up-to-date symlink: /overlay_ws/install/ariac_gazebo/share/ariac_gazebo/models/box_pallets/meshes/AM200_029_07_Diffuse.jpg
[0.843s] -- Up-to-date symlink: /overlay_ws/install/ariac_gazebo/share/ariac_gazebo/models/box_pallets/meshes/box_pallet.dae
[0.843s] -- Up-to-date symlink: /overlay_ws/install/ariac_gazebo/share/ariac_gazebo/models/box_pallets/model.config
[0.843s] -- Up-to-date symlink: /overlay_ws/install/ariac_gazebo/share/ariac_gazebo/models/box_pallets/model.sdf
[0.844s] -- Up-to-date symlink: /overlay_ws/install/ariac_gazebo/share/ariac_gazebo/models/box_pallets_2/meshes/AM200_029_01_Diffuse.jpg
[0.844s] -- Up-to-date symlink: /overlay_ws/install/ariac_gazebo/share/ariac_gazebo/models/box_pallets_2/meshes/AM200_029_05_Diffuse.jpg
[0.845s] -- Up-to-date symlink: /overlay_ws/install/ariac_gazebo/share/ariac_gazebo/models/box_pallets_2/meshes/AM200_029_06_Diffuse.jpg
[0.845s] -- Up-to-date symlink: /overlay_ws/install/ariac_gazebo/share/ariac_gazebo/models/box_pallets_2/meshes/box_pallet.dae
[0.846s] -- Up-to-date symlink: /overlay_ws/install/ariac_gazebo/share/ariac_gazebo/models/box_pallets_2/model.config
[0.846s] -- Up-to-date symlink: /overlay_ws/install/ariac_gazebo/share/ariac_gazebo/models/box_pallets_2/model.sdf
[0.847s] -- Up-to-date symlink: /overlay_ws/install/ariac_gazebo/share/ariac_gazebo/models/box_pallets_3/meshes/AM200_029_01_Diffuse.jpg
[0.847s] -- Up-to-date symlink: /overlay_ws/install/ariac_gazebo/share/ariac_gazebo/models/box_pallets_3/meshes/AM200_029_03_Diffuse.jpg
[0.847s] -- Up-to-date symlink: /overlay_ws/install/ariac_gazebo/share/ariac_gazebo/models/box_pallets_3/meshes/AM200_029_04_Diffuse.jpg
[0.848s] -- Up-to-date symlink: /overlay_ws/install/ariac_gazebo/share/ariac_gazebo/models/box_pallets_3/meshes/AM200_029_08_Diffuse.jpg
[0.848s] -- Up-to-date symlink: /overlay_ws/install/ariac_gazebo/share/ariac_gazebo/models/box_pallets_3/meshes/box_pallet.dae
[0.849s] -- Up-to-date symlink: /overlay_ws/install/ariac_gazebo/share/ariac_gazebo/models/box_pallets_3/model.config
[0.849s] -- Up-to-date symlink: /overlay_ws/install/ariac_gazebo/share/ariac_gazebo/models/box_pallets_3/model.sdf
[0.850s] -- Up-to-date symlink: /overlay_ws/install/ariac_gazebo/share/ariac_gazebo/models/cage_factory/meshes/AM200_025_01_Diffuse.jpg
[0.850s] -- Up-to-date symlink: /overlay_ws/install/ariac_gazebo/share/ariac_gazebo/models/cage_factory/meshes/AM200_025_02_Diffuse.jpg
[0.850s] -- Up-to-date symlink: /overlay_ws/install/ariac_gazebo/share/ariac_gazebo/models/cage_factory/meshes/AM200_025_04_Diffuse.jpg
[0.851s] -- Up-to-date symlink: /overlay_ws/install/ariac_gazebo/share/ariac_gazebo/models/cage_factory/meshes/AM200_025_06_Diffuse.jpg
[0.851s] -- Up-to-date symlink: /overlay_ws/install/ariac_gazebo/share/ariac_gazebo/models/cage_factory/meshes/AM200_025_07_Diffuse.jpg
[0.851s] -- Up-to-date symlink: /overlay_ws/install/ariac_gazebo/share/ariac_gazebo/models/cage_factory/meshes/AM200_025_09_Diffuse.jpg
[0.852s] -- Up-to-date symlink: /overlay_ws/install/ariac_gazebo/share/ariac_gazebo/models/cage_factory/meshes/cage.dae
[0.852s] -- Up-to-date symlink: /overlay_ws/install/ariac_gazebo/share/ariac_gazebo/models/cage_factory/model.config
[0.852s] -- Up-to-date symlink: /overlay_ws/install/ariac_gazebo/share/ariac_gazebo/models/cage_factory/model.sdf
[0.853s] -- Up-to-date symlink: /overlay_ws/install/ariac_gazebo/share/ariac_gazebo/models/computer/meshes/AM200_035_03_Diffuse.jpg
[0.853s] -- Up-to-date symlink: /overlay_ws/install/ariac_gazebo/share/ariac_gazebo/models/computer/meshes/AM200_035_04_Diffuse.jpg
[0.853s] -- Up-to-date symlink: /overlay_ws/install/ariac_gazebo/share/ariac_gazebo/models/computer/meshes/AM200_035_05_Diffuse.jpg
[0.854s] -- Up-to-date symlink: /overlay_ws/install/ariac_gazebo/share/ariac_gazebo/models/computer/meshes/AM200_035_06_Diffuse.jpg
[0.854s] -- Up-to-date symlink: /overlay_ws/install/ariac_gazebo/share/ariac_gazebo/models/computer/meshes/computer.dae
[0.854s] -- Up-to-date symlink: /overlay_ws/install/ariac_gazebo/share/ariac_gazebo/models/computer/model.config
[0.855s] -- Up-to-date symlink: /overlay_ws/install/ariac_gazebo/share/ariac_gazebo/models/computer/model.sdf
[0.856s] -- Up-to-date symlink: /overlay_ws/install/ariac_gazebo/share/ariac_gazebo/models/computer_2/meshes/AM200_035_01_Diffuse.jpg
[0.856s] -- Up-to-date symlink: /overlay_ws/install/ariac_gazebo/share/ariac_gazebo/models/computer_2/meshes/AM200_035_02_Diffuse.jpg
[0.856s] -- Up-to-date symlink: /overlay_ws/install/ariac_gazebo/share/ariac_gazebo/models/computer_2/meshes/AM200_035_03_Diffuse.jpg
[0.857s] -- Up-to-date symlink: /overlay_ws/install/ariac_gazebo/share/ariac_gazebo/models/computer_2/meshes/computer.dae
[0.857s] -- Up-to-date symlink: /overlay_ws/install/ariac_gazebo/share/ariac_gazebo/models/computer_2/model.config
[0.857s] -- Up-to-date symlink: /overlay_ws/install/ariac_gazebo/share/ariac_gazebo/models/computer_2/model.sdf
[0.858s] -- Up-to-date symlink: /overlay_ws/install/ariac_gazebo/share/ariac_gazebo/models/conveyor_belt/meshes/HighVoltage.jpg.001.jpg
[0.859s] -- Up-to-date symlink: /overlay_ws/install/ariac_gazebo/share/ariac_gazebo/models/conveyor_belt/meshes/MetalBareSpecularMap.png
[0.863s] -- Up-to-date symlink: /overlay_ws/install/ariac_gazebo/share/ariac_gazebo/models/conveyor_belt/meshes/TilesPlain0213_1_S.jpg
[0.864s] -- Up-to-date symlink: /overlay_ws/install/ariac_gazebo/share/ariac_gazebo/models/conveyor_belt/meshes/compressedAirWarning.png
[0.865s] -- Up-to-date symlink: /overlay_ws/install/ariac_gazebo/share/ariac_gazebo/models/conveyor_belt/meshes/conveyor.dae
[0.866s] -- Up-to-date symlink: /overlay_ws/install/ariac_gazebo/share/ariac_gazebo/models/conveyor_belt/meshes/conveyor.stl
[0.867s] -- Up-to-date symlink: /overlay_ws/install/ariac_gazebo/share/ariac_gazebo/models/conveyor_belt/meshes/conveyor_nobase.dae
[0.868s] -- Up-to-date symlink: /overlay_ws/install/ariac_gazebo/share/ariac_gazebo/models/conveyor_belt/model.config
[0.868s] -- Up-to-date symlink: /overlay_ws/install/ariac_gazebo/share/ariac_gazebo/models/conveyor_belt/model.sdf
[0.877s] -- Up-to-date symlink: /overlay_ws/install/ariac_gazebo/share/ariac_gazebo/models/disposal_bin/meshes/disposal_bin.stl
[0.877s] -- Up-to-date symlink: /overlay_ws/install/ariac_gazebo/share/ariac_gazebo/models/disposal_bin/model.config
[0.878s] -- Up-to-date symlink: /overlay_ws/install/ariac_gazebo/share/ariac_gazebo/models/disposal_bin/model.sdf
[0.880s] -- Up-to-date symlink: /overlay_ws/install/ariac_gazebo/share/ariac_gazebo/models/dropped_part_bin/meshes/disposal_bin.stl
[0.886s] -- Up-to-date symlink: /overlay_ws/install/ariac_gazebo/share/ariac_gazebo/models/dropped_part_bin/model.config
[0.887s] -- Up-to-date symlink: /overlay_ws/install/ariac_gazebo/share/ariac_gazebo/models/dropped_part_bin/model.sdf
[0.888s] -- Up-to-date symlink: /overlay_ws/install/ariac_gazebo/share/ariac_gazebo/models/factory_shelf/meshes/AM200_026_01_Diffuse.jpg
[0.889s] -- Up-to-date symlink: /overlay_ws/install/ariac_gazebo/share/ariac_gazebo/models/factory_shelf/meshes/AM200_026_02_Diffuse.jpg
[0.897s] -- Up-to-date symlink: /overlay_ws/install/ariac_gazebo/share/ariac_gazebo/models/factory_shelf/meshes/AM200_026_03_Diffuse.jpg
[0.897s] -- Up-to-date symlink: /overlay_ws/install/ariac_gazebo/share/ariac_gazebo/models/factory_shelf/meshes/AM200_026_04_Diffuse.jpg
[0.898s] -- Up-to-date symlink: /overlay_ws/install/ariac_gazebo/share/ariac_gazebo/models/factory_shelf/meshes/factory_shelf.dae
[0.898s] -- Up-to-date symlink: /overlay_ws/install/ariac_gazebo/share/ariac_gazebo/models/factory_shelf/model.config
[0.898s] -- Up-to-date symlink: /overlay_ws/install/ariac_gazebo/share/ariac_gazebo/models/factory_shelf/model.sdf
[0.898s] -- Up-to-date symlink: /overlay_ws/install/ariac_gazebo/share/ariac_gazebo/models/floor/meshes/Suede_Blue.jpg
[0.899s] -- Up-to-date symlink: /overlay_ws/install/ariac_gazebo/share/ariac_gazebo/models/floor/meshes/floor.dae
[0.900s] -- Up-to-date symlink: /overlay_ws/install/ariac_gazebo/share/ariac_gazebo/models/floor/model.config
[0.900s] -- Up-to-date symlink: /overlay_ws/install/ariac_gazebo/share/ariac_gazebo/models/floor/model.sdf
[0.900s] -- Up-to-date symlink: /overlay_ws/install/ariac_gazebo/share/ariac_gazebo/models/kit_tray/meshes/markers/id_00.png
[0.901s] -- Up-to-date symlink: /overlay_ws/install/ariac_gazebo/share/ariac_gazebo/models/kit_tray/meshes/markers/id_01.png
[0.901s] -- Up-to-date symlink: /overlay_ws/install/ariac_gazebo/share/ariac_gazebo/models/kit_tray/meshes/markers/id_02.png
[0.901s] -- Up-to-date symlink: /overlay_ws/install/ariac_gazebo/share/ariac_gazebo/models/kit_tray/meshes/markers/id_03.png
[0.902s] -- Up-to-date symlink: /overlay_ws/install/ariac_gazebo/share/ariac_gazebo/models/kit_tray/meshes/markers/id_04.png
[0.902s] -- Up-to-date symlink: /overlay_ws/install/ariac_gazebo/share/ariac_gazebo/models/kit_tray/meshes/markers/id_05.png
[0.903s] -- Up-to-date symlink: /overlay_ws/install/ariac_gazebo/share/ariac_gazebo/models/kit_tray/meshes/markers/id_06.png
[0.903s] -- Up-to-date symlink: /overlay_ws/install/ariac_gazebo/share/ariac_gazebo/models/kit_tray/meshes/markers/id_07.png
[0.904s] -- Up-to-date symlink: /overlay_ws/install/ariac_gazebo/share/ariac_gazebo/models/kit_tray/meshes/markers/id_08.png
[0.904s] -- Up-to-date symlink: /overlay_ws/install/ariac_gazebo/share/ariac_gazebo/models/kit_tray/meshes/markers/id_09.png
[0.904s] -- Up-to-date symlink: /overlay_ws/install/ariac_gazebo/share/ariac_gazebo/models/kit_tray/meshes/markers/marker_00.dae
[0.905s] -- Up-to-date symlink: /overlay_ws/install/ariac_gazebo/share/ariac_gazebo/models/kit_tray/meshes/markers/marker_01.dae
[0.905s] -- Up-to-date symlink: /overlay_ws/install/ariac_gazebo/share/ariac_gazebo/models/kit_tray/meshes/markers/marker_02.dae
[0.905s] -- Up-to-date symlink: /overlay_ws/install/ariac_gazebo/share/ariac_gazebo/models/kit_tray/meshes/markers/marker_03.dae
[0.906s] -- Up-to-date symlink: /overlay_ws/install/ariac_gazebo/share/ariac_gazebo/models/kit_tray/meshes/markers/marker_04.dae
[0.906s] -- Up-to-date symlink: /overlay_ws/install/ariac_gazebo/share/ariac_gazebo/models/kit_tray/meshes/markers/marker_05.dae
[0.906s] -- Up-to-date symlink: /overlay_ws/install/ariac_gazebo/share/ariac_gazebo/models/kit_tray/meshes/markers/marker_06.dae
[0.907s] -- Up-to-date symlink: /overlay_ws/install/ariac_gazebo/share/ariac_gazebo/models/kit_tray/meshes/markers/marker_07.dae
[0.907s] -- Up-to-date symlink: /overlay_ws/install/ariac_gazebo/share/ariac_gazebo/models/kit_tray/meshes/markers/marker_08.dae
[0.907s] -- Up-to-date symlink: /overlay_ws/install/ariac_gazebo/share/ariac_gazebo/models/kit_tray/meshes/markers/marker_09.dae
[0.908s] -- Up-to-date symlink: /overlay_ws/install/ariac_gazebo/share/ariac_gazebo/models/kit_tray/meshes/tape.stl
[0.908s] -- Up-to-date symlink: /overlay_ws/install/ariac_gazebo/share/ariac_gazebo/models/kit_tray/meshes/tray_base.stl
[0.908s] -- Up-to-date symlink: /overlay_ws/install/ariac_gazebo/share/ariac_gazebo/models/kit_tray/meshes/tray_collision.stl
[0.909s] -- Up-to-date symlink: /overlay_ws/install/ariac_gazebo/share/ariac_gazebo/models/kit_tray/model.config
[0.909s] -- Up-to-date symlink: /overlay_ws/install/ariac_gazebo/share/ariac_gazebo/models/kit_tray/model.sdf
[0.910s] -- Up-to-date symlink: /overlay_ws/install/ariac_gazebo/share/ariac_gazebo/models/kit_tray_table/meshes/Metal_Rough.jpg
[0.910s] -- Up-to-date symlink: /overlay_ws/install/ariac_gazebo/share/ariac_gazebo/models/kit_tray_table/meshes/kit_tray_table.dae
[0.910s] -- Up-to-date symlink: /overlay_ws/install/ariac_gazebo/share/ariac_gazebo/models/kit_tray_table/meshes/kit_tray_table.stl
[0.910s] -- Up-to-date symlink: /overlay_ws/install/ariac_gazebo/share/ariac_gazebo/models/kit_tray_table/meshes/table_collision.stl
[0.911s] -- Up-to-date symlink: /overlay_ws/install/ariac_gazebo/share/ariac_gazebo/models/kit_tray_table/meshes/tool_changer_1.stl
[0.911s] -- Up-to-date symlink: /overlay_ws/install/ariac_gazebo/share/ariac_gazebo/models/kit_tray_table/meshes/tool_changer_2.stl
[0.911s] -- Up-to-date symlink: /overlay_ws/install/ariac_gazebo/share/ariac_gazebo/models/kit_tray_table/model.config
[0.912s] -- Up-to-date symlink: /overlay_ws/install/ariac_gazebo/share/ariac_gazebo/models/kit_tray_table/model.sdf
[0.912s] -- Up-to-date symlink: /overlay_ws/install/ariac_gazebo/share/ariac_gazebo/models/open_box_ariac/materials/textures/open_box.png
[0.913s] -- Up-to-date symlink: /overlay_ws/install/ariac_gazebo/share/ariac_gazebo/models/open_box_ariac/meshes/open_box.mtl
[0.913s] -- Up-to-date symlink: /overlay_ws/install/ariac_gazebo/share/ariac_gazebo/models/open_box_ariac/model.config
[0.913s] -- Up-to-date symlink: /overlay_ws/install/ariac_gazebo/share/ariac_gazebo/models/open_box_ariac/model.sdf
[0.915s] -- Up-to-date symlink: /overlay_ws/install/ariac_gazebo/share/ariac_gazebo/models/parts_bin/meshes/Metal_Rough.jpg.001.jpg
[0.918s] -- Up-to-date symlink: /overlay_ws/install/ariac_gazebo/share/ariac_gazebo/models/parts_bin/meshes/Steel_Brushed_Stainless.jpg.001.jpg
[0.919s] -- Up-to-date symlink: /overlay_ws/install/ariac_gazebo/share/ariac_gazebo/models/parts_bin/meshes/bin_exterior.dae
[0.920s] -- Up-to-date symlink: /overlay_ws/install/ariac_gazebo/share/ariac_gazebo/models/parts_bin/meshes/bin_exterior.stl
[0.921s] -- Up-to-date symlink: /overlay_ws/install/ariac_gazebo/share/ariac_gazebo/models/parts_bin/meshes/bin_interior.stl
[0.921s] -- Up-to-date symlink: /overlay_ws/install/ariac_gazebo/share/ariac_gazebo/models/parts_bin/model.config
[0.922s] -- Up-to-date symlink: /overlay_ws/install/ariac_gazebo/share/ariac_gazebo/models/parts_bin/model.sdf
[0.923s] -- Up-to-date symlink: /overlay_ws/install/ariac_gazebo/share/ariac_gazebo/models/pump/meshes/pump_back_pane.stl
[0.930s] -- Up-to-date symlink: /overlay_ws/install/ariac_gazebo/share/ariac_gazebo/models/pump/meshes/pump_base.stl
[0.930s] -- Up-to-date symlink: /overlay_ws/install/ariac_gazebo/share/ariac_gazebo/models/pump/meshes/pump_bottom_pane.stl
[0.931s] -- Up-to-date symlink: /overlay_ws/install/ariac_gazebo/share/ariac_gazebo/models/pump/meshes/pump_collision.stl
[0.931s] -- Up-to-date symlink: /overlay_ws/install/ariac_gazebo/share/ariac_gazebo/models/pump/meshes/pump_enclosure.stl
[0.932s] -- Up-to-date symlink: /overlay_ws/install/ariac_gazebo/share/ariac_gazebo/models/pump/meshes/pump_front_pane.stl
[0.940s] -- Up-to-date symlink: /overlay_ws/install/ariac_gazebo/share/ariac_gazebo/models/pump/meshes/pump_left_pane.stl
[0.940s] -- Up-to-date symlink: /overlay_ws/install/ariac_gazebo/share/ariac_gazebo/models/pump/meshes/pump_right_pane.stl
[0.941s] -- Up-to-date symlink: /overlay_ws/install/ariac_gazebo/share/ariac_gazebo/models/pump/meshes/pump_top_pane.stl
[0.941s] -- Up-to-date symlink: /overlay_ws/install/ariac_gazebo/share/ariac_gazebo/models/pump/model.config
[0.942s] -- Up-to-date symlink: /overlay_ws/install/ariac_gazebo/share/ariac_gazebo/models/pump/model.sdf
[0.948s] -- Up-to-date symlink: /overlay_ws/install/ariac_gazebo/share/ariac_gazebo/models/regulator/meshes/regulator_base.stl
[0.949s] -- Up-to-date symlink: /overlay_ws/install/ariac_gazebo/share/ariac_gazebo/models/regulator/meshes/regulator_collision.stl
[0.949s] -- Up-to-date symlink: /overlay_ws/install/ariac_gazebo/share/ariac_gazebo/models/regulator/meshes/regulator_long_peg.stl
[0.950s] -- Up-to-date symlink: /overlay_ws/install/ariac_gazebo/share/ariac_gazebo/models/regulator/meshes/regulator_short_peg.stl
[0.950s] -- Up-to-date symlink: /overlay_ws/install/ariac_gazebo/share/ariac_gazebo/models/regulator/model.config
[0.950s] -- Up-to-date symlink: /overlay_ws/install/ariac_gazebo/share/ariac_gazebo/models/regulator/model.sdf
[0.951s] -- Up-to-date symlink: /overlay_ws/install/ariac_gazebo/share/ariac_gazebo/models/sensor/meshes/sensor_base.stl
[0.951s] -- Up-to-date symlink: /overlay_ws/install/ariac_gazebo/share/ariac_gazebo/models/sensor/meshes/sensor_collision.stl
[0.952s] -- Up-to-date symlink: /overlay_ws/install/ariac_gazebo/share/ariac_gazebo/models/sensor/meshes/sensor_peg.stl
[0.952s] -- Up-to-date symlink: /overlay_ws/install/ariac_gazebo/share/ariac_gazebo/models/sensor/model.config
[0.953s] -- Up-to-date symlink: /overlay_ws/install/ariac_gazebo/share/ariac_gazebo/models/sensor/model.sdf
[0.953s] -- Up-to-date symlink: /overlay_ws/install/ariac_gazebo/share/ariac_gazebo/models/warehouse/meshes/Brick_Tumbled.jpg
[0.953s] -- Up-to-date symlink: /overlay_ws/install/ariac_gazebo/share/ariac_gazebo/models/warehouse/meshes/roof.stl
[0.954s] -- Up-to-date symlink: /overlay_ws/install/ariac_gazebo/share/ariac_gazebo/models/warehouse/meshes/tape.stl
[0.954s] -- Up-to-date symlink: /overlay_ws/install/ariac_gazebo/share/ariac_gazebo/models/warehouse/meshes/warehouse.dae
[0.954s] -- Up-to-date symlink: /overlay_ws/install/ariac_gazebo/share/ariac_gazebo/models/warehouse/model.config
[0.954s] -- Up-to-date symlink: /overlay_ws/install/ariac_gazebo/share/ariac_gazebo/models/warehouse/model.sdf
[0.955s] -- Up-to-date symlink: /overlay_ws/install/ariac_gazebo/share/ariac_gazebo/models/workcell_shelf/meshes/shelf.dae
[0.955s] -- Up-to-date symlink: /overlay_ws/install/ariac_gazebo/share/ariac_gazebo/models/workcell_shelf/model.config
[0.955s] -- Up-to-date symlink: /overlay_ws/install/ariac_gazebo/share/ariac_gazebo/models/workcell_shelf/model.sdf
[0.956s] -- Up-to-date symlink: /overlay_ws/install/ariac_gazebo/share/ariac_gazebo/worlds/ariac.world
[0.957s] -- Up-to-date symlink: /overlay_ws/install/ariac_gazebo/share/ariac_gazebo/environment/pythonpath.sh
[0.957s] -- Up-to-date symlink: /overlay_ws/install/ariac_gazebo/share/ariac_gazebo/environment/pythonpath.dsv
[0.958s] -- Up-to-date symlink: /overlay_ws/install/ariac_gazebo/lib/python3.10/site-packages/ariac_gazebo-2024.4.1-py3.10.egg-info/PKG-INFO
[0.959s] -- Up-to-date symlink: /overlay_ws/install/ariac_gazebo/lib/python3.10/site-packages/ariac_gazebo-2024.4.1-py3.10.egg-info/SOURCES.txt
[0.959s] -- Up-to-date symlink: /overlay_ws/install/ariac_gazebo/lib/python3.10/site-packages/ariac_gazebo-2024.4.1-py3.10.egg-info/dependency_links.txt
[0.959s] -- Up-to-date symlink: /overlay_ws/install/ariac_gazebo/lib/python3.10/site-packages/ariac_gazebo-2024.4.1-py3.10.egg-info/top_level.txt
[0.960s] -- Up-to-date symlink: /overlay_ws/install/ariac_gazebo/lib/python3.10/site-packages/ariac_gazebo/__init__.py
[0.961s] -- Up-to-date symlink: /overlay_ws/install/ariac_gazebo/lib/python3.10/site-packages/ariac_gazebo/environment_startup.py
[0.961s] -- Up-to-date symlink: /overlay_ws/install/ariac_gazebo/lib/python3.10/site-packages/ariac_gazebo/spawn_params.py
[0.961s] -- Up-to-date symlink: /overlay_ws/install/ariac_gazebo/lib/python3.10/site-packages/ariac_gazebo/tf_broadcaster.py
[0.962s] -- Up-to-date symlink: /overlay_ws/install/ariac_gazebo/lib/python3.10/site-packages/ariac_gazebo/utilities.py
[0.962s] -- Up-to-date symlink: /overlay_ws/install/ariac_gazebo/lib/ariac_gazebo/environment_startup_node.py
[0.962s] -- Up-to-date symlink: /overlay_ws/install/ariac_gazebo/lib/ariac_gazebo/robot_controller_switcher_node.py
[0.963s] -- Up-to-date symlink: /overlay_ws/install/ariac_gazebo/lib/ariac_gazebo/sensor_tf_broadcaster.py
[0.963s] -- Up-to-date symlink: /overlay_ws/install/ariac_gazebo/lib/ariac_gazebo/object_tf_broadcaster.py
[0.963s] -- Up-to-date symlink: /overlay_ws/install/ariac_gazebo/lib/ariac_gazebo/part_spawner.py
[0.964s] -- Up-to-date symlink: /overlay_ws/install/ariac_gazebo/share/ament_index/resource_index/package_run_dependencies/ariac_gazebo
[0.964s] -- Up-to-date symlink: /overlay_ws/install/ariac_gazebo/share/ament_index/resource_index/parent_prefix_path/ariac_gazebo
[0.965s] -- Up-to-date symlink: /overlay_ws/install/ariac_gazebo/share/ariac_gazebo/environment/ament_prefix_path.sh
[0.965s] -- Up-to-date symlink: /overlay_ws/install/ariac_gazebo/share/ariac_gazebo/environment/ament_prefix_path.dsv
[0.966s] -- Up-to-date symlink: /overlay_ws/install/ariac_gazebo/share/ariac_gazebo/environment/path.sh
[0.966s] -- Up-to-date symlink: /overlay_ws/install/ariac_gazebo/share/ariac_gazebo/environment/path.dsv
[0.966s] -- Up-to-date symlink: /overlay_ws/install/ariac_gazebo/share/ariac_gazebo/local_setup.bash
[0.967s] -- Up-to-date symlink: /overlay_ws/install/ariac_gazebo/share/ariac_gazebo/local_setup.sh
[0.967s] -- Up-to-date symlink: /overlay_ws/install/ariac_gazebo/share/ariac_gazebo/local_setup.zsh
[0.967s] -- Up-to-date symlink: /overlay_ws/install/ariac_gazebo/share/ariac_gazebo/local_setup.dsv
[0.968s] -- Symlinking: /overlay_ws/install/ariac_gazebo/share/ariac_gazebo/package.dsv
[0.981s] -- Up-to-date symlink: /overlay_ws/install/ariac_gazebo/share/ament_index/resource_index/packages/ariac_gazebo
[0.982s] -- Up-to-date symlink: /overlay_ws/install/ariac_gazebo/share/ariac_gazebo/cmake/ariac_gazeboConfig.cmake
[0.982s] -- Up-to-date symlink: /overlay_ws/install/ariac_gazebo/share/ariac_gazebo/cmake/ariac_gazeboConfig-version.cmake
[0.983s] -- Up-to-date symlink: /overlay_ws/install/ariac_gazebo/share/ariac_gazebo/package.xml
[1.046s] Listing '/overlay_ws/install/ariac_gazebo/lib/python3.10/site-packages/ariac_gazebo'...
[1.054s] Invoked command in '/overlay_ws/build/ariac_gazebo' returned '0': CMAKE_PREFIX_PATH=${CMAKE_PREFIX_PATH}:/overlay_ws/install/ariac_gui:/opt/ros/iron /usr/bin/cmake --install /overlay_ws/build/ariac_gazebo
