[0.007s] Invoking command in '/overlay_ws/build/ariac_description': CMAKE_PREFIX_PATH=/opt/ros/iron /usr/bin/cmake /overlay_ws/src/ARIAC/ariac_description -DAMENT_CMAKE_SYMLINK_INSTALL=1 -DCMAKE_INSTALL_PREFIX=/overlay_ws/install/ariac_description
[0.066s] -- The C compiler identification is GNU 11.4.0
[0.119s] -- The CXX compiler identification is GNU 11.4.0
[0.127s] -- Detecting C compiler ABI info
[0.201s] -- Detecting C compiler ABI info - done
[0.210s] -- Check for working C compiler: /usr/bin/cc - skipped
[0.210s] -- Detecting C compile features
[0.210s] -- Detecting C compile features - done
[0.214s] -- Detecting CXX compiler ABI info
[0.308s] -- Detecting CXX compiler ABI info - done
[0.317s] -- Check for working CXX compiler: /usr/bin/c++ - skipped
[0.317s] -- Detecting CXX compile features
[0.318s] -- Detecting CXX compile features - done
[0.321s] -- Found ament_cmake: 2.0.5 (/opt/ros/iron/share/ament_cmake/cmake)
[0.491s] -- Found Python3: /usr/bin/python3.10 (found version "3.10.12") found components: Interpreter 
[0.552s] -- Override CMake install command with custom implementation using symlinks instead of copying resources
[0.662s] -- Configuring done
[0.665s] -- Generating done
[0.666s] -- Build files have been written to: /overlay_ws/build/ariac_description
[0.670s] Invoked command in '/overlay_ws/build/ariac_description' returned '0': CMAKE_PREFIX_PATH=/opt/ros/iron /usr/bin/cmake /overlay_ws/src/ARIAC/ariac_description -DAMENT_CMAKE_SYMLINK_INSTALL=1 -DCMAKE_INSTALL_PREFIX=/overlay_ws/install/ariac_description
[0.671s] Invoking command in '/overlay_ws/build/ariac_description': CMAKE_PREFIX_PATH=/opt/ros/iron /usr/bin/cmake --build /overlay_ws/build/ariac_description -- -j12 -l12
[0.707s] Invoked command in '/overlay_ws/build/ariac_description' returned '0': CMAKE_PREFIX_PATH=/opt/ros/iron /usr/bin/cmake --build /overlay_ws/build/ariac_description -- -j12 -l12
[0.731s] Invoking command in '/overlay_ws/build/ariac_description': CMAKE_PREFIX_PATH=/opt/ros/iron /usr/bin/cmake --install /overlay_ws/build/ariac_description
[0.738s] -- Install configuration: ""
[0.739s] -- Execute custom install script
[0.740s] -- Symlinking: /overlay_ws/install/ariac_description/share/ariac_description/config/ceiling_robot_initial_positions.yaml
[0.749s] -- Symlinking: /overlay_ws/install/ariac_description/share/ariac_description/config/floor_robot_initial_positions.yaml
[0.757s] -- Symlinking: /overlay_ws/install/ariac_description/share/ariac_description/config/robot_controllers.yaml
[0.786s] -- Symlinking: /overlay_ws/install/ariac_description/share/ariac_description/meshes/agv/contact_sensor.stl
[0.795s] -- Symlinking: /overlay_ws/install/ariac_description/share/ariac_description/meshes/agv/robot.dae
[0.805s] -- Symlinking: /overlay_ws/install/ariac_description/share/ariac_description/meshes/agv/robot.png
[0.814s] -- Symlinking: /overlay_ws/install/ariac_description/share/ariac_description/meshes/agv/tray.stl
[0.823s] -- Symlinking: /overlay_ws/install/ariac_description/share/ariac_description/meshes/gantry/ARIAC_GRN_Logo.png
[0.831s] -- Symlinking: /overlay_ws/install/ariac_description/share/ariac_description/meshes/gantry/Metal024_2K_Color.jpg
[0.839s] -- Symlinking: /overlay_ws/install/ariac_description/share/ariac_description/meshes/gantry/NIST_Green_bake.png
[0.847s] -- Symlinking: /overlay_ws/install/ariac_description/share/ariac_description/meshes/gantry/gantry_tray.dae
[0.855s] -- Symlinking: /overlay_ws/install/ariac_description/share/ariac_description/meshes/gantry/green_metal_rust_diff_4k.jpg
[0.863s] -- Symlinking: /overlay_ws/install/ariac_description/share/ariac_description/meshes/gantry/rusty_metal_02_diff_2k.jpg
[0.871s] -- Symlinking: /overlay_ws/install/ariac_description/share/ariac_description/meshes/gantry/torso_base.dae
[0.880s] -- Symlinking: /overlay_ws/install/ariac_description/share/ariac_description/meshes/gantry/torso_fixed_normals.dae
[0.889s] -- Symlinking: /overlay_ws/install/ariac_description/share/ariac_description/meshes/vacuum_gripper/camera.stl
[0.897s] -- Symlinking: /overlay_ws/install/ariac_description/share/ariac_description/meshes/vacuum_gripper/camera_mount.stl
[0.905s] -- Symlinking: /overlay_ws/install/ariac_description/share/ariac_description/meshes/vacuum_gripper/vacuum_gripper.stl
[0.917s] -- Symlinking: /overlay_ws/install/ariac_description/share/ariac_description/urdf/agv/agv.ros2_control.xacro
[0.926s] -- Symlinking: /overlay_ws/install/ariac_description/share/ariac_description/urdf/agv/agv_macro.xacro
[0.934s] -- Symlinking: /overlay_ws/install/ariac_description/share/ariac_description/urdf/ariac_robots/ariac_robots.urdf.xacro
[0.942s] -- Symlinking: /overlay_ws/install/ariac_description/share/ariac_description/urdf/ceiling_robot/ceiling_robot_macro.xacro
[0.951s] -- Symlinking: /overlay_ws/install/ariac_description/share/ariac_description/urdf/ceiling_robot/gantry.ros2_control.xacro
[0.959s] -- Symlinking: /overlay_ws/install/ariac_description/share/ariac_description/urdf/ceiling_robot/gantry_macro.xacro
[0.967s] -- Symlinking: /overlay_ws/install/ariac_description/share/ariac_description/urdf/floor_robot/floor_robot_macro.xacro
[0.980s] -- Symlinking: /overlay_ws/install/ariac_description/share/ariac_description/urdf/floor_robot/linear_actuator.ros2_control.xacro
[0.990s] -- Symlinking: /overlay_ws/install/ariac_description/share/ariac_description/urdf/floor_robot/linear_actuator_macro.xacro
[0.999s] -- Symlinking: /overlay_ws/install/ariac_description/share/ariac_description/urdf/vacuum_gripper/vacuum_gripper_macro.xacro
[1.008s] -- Symlinking: /overlay_ws/install/ariac_description/share/ariac_description/launch/test_robots.launch.py
[1.017s] -- Symlinking: /overlay_ws/install/ariac_description/share/ament_index/resource_index/package_run_dependencies/ariac_description
[1.027s] -- Symlinking: /overlay_ws/install/ariac_description/share/ament_index/resource_index/parent_prefix_path/ariac_description
[1.036s] -- Symlinking: /overlay_ws/install/ariac_description/share/ariac_description/environment/ament_prefix_path.sh
[1.045s] -- Symlinking: /overlay_ws/install/ariac_description/share/ariac_description/environment/ament_prefix_path.dsv
[1.054s] -- Symlinking: /overlay_ws/install/ariac_description/share/ariac_description/environment/path.sh
[1.125s] -- Symlinking: /overlay_ws/install/ariac_description/share/ariac_description/environment/path.dsv
[1.172s] -- Symlinking: /overlay_ws/install/ariac_description/share/ariac_description/local_setup.bash
[1.202s] -- Symlinking: /overlay_ws/install/ariac_description/share/ariac_description/local_setup.sh
[1.223s] -- Symlinking: /overlay_ws/install/ariac_description/share/ariac_description/local_setup.zsh
[1.233s] -- Symlinking: /overlay_ws/install/ariac_description/share/ariac_description/local_setup.dsv
[1.242s] -- Symlinking: /overlay_ws/install/ariac_description/share/ariac_description/package.dsv
[1.250s] -- Symlinking: /overlay_ws/install/ariac_description/share/ament_index/resource_index/packages/ariac_description
[1.258s] -- Symlinking: /overlay_ws/install/ariac_description/share/ariac_description/cmake/ariac_descriptionConfig.cmake
[1.266s] -- Symlinking: /overlay_ws/install/ariac_description/share/ariac_description/cmake/ariac_descriptionConfig-version.cmake
[1.275s] -- Symlinking: /overlay_ws/install/ariac_description/share/ariac_description/package.xml
[1.286s] Invoked command in '/overlay_ws/build/ariac_description' returned '0': CMAKE_PREFIX_PATH=/opt/ros/iron /usr/bin/cmake --install /overlay_ws/build/ariac_description
