-- The C compiler identification is GNU 11.4.0
-- The CXX compiler identification is GNU 11.4.0
-- Detecting C compiler ABI info
-- Detecting C compiler ABI info - done
-- Check for working C compiler: /usr/bin/cc - skipped
-- Detecting C compile features
-- Detecting C compile features - done
-- Detecting CXX compiler ABI info
-- Detecting CXX compiler ABI info - done
-- Check for working CXX compiler: /usr/bin/c++ - skipped
-- Detecting CXX compile features
-- Detecting CXX compile features - done
-- Found ament_cmake: 2.0.5 (/opt/ros/iron/share/ament_cmake/cmake)
-- Found Python3: /usr/bin/python3.10 (found version "3.10.12") found components: Interpreter 
-- Override CMake install command with custom implementation using symlinks instead of copying resources
-- Found rclcpp: 21.0.6 (/opt/ros/iron/share/rclcpp/cmake)
-- Found rosidl_generator_c: 4.0.1 (/opt/ros/iron/share/rosidl_generator_c/cmake)
-- Found rosidl_generator_cpp: 4.0.1 (/opt/ros/iron/share/rosidl_generator_cpp/cmake)
-- Using all available rosidl_typesupport_c: rosidl_typesupport_fastrtps_c;rosidl_typesupport_introspection_c
-- Using all available rosidl_typesupport_cpp: rosidl_typesupport_fastrtps_cpp;rosidl_typesupport_introspection_cpp
-- Found rmw_implementation_cmake: 7.1.0 (/opt/ros/iron/share/rmw_implementation_cmake/cmake)
-- Found rmw_cyclonedds_cpp: 1.6.0 (/opt/ros/iron/share/rmw_cyclonedds_cpp/cmake)
-- Using RMW implementation 'rmw_cyclonedds_cpp' as default
-- Found rclpy: 4.1.5 (/opt/ros/iron/share/rclpy/cmake)
-- Found ament_lint_auto: 0.14.3 (/opt/ros/iron/share/ament_lint_auto/cmake)
-- Added test 'lint_cmake' to check CMake code style
-- Added test 'xmllint' to check XML markup files
-- Configuring done
-- Generating done
-- Build files have been written to: /overlay_ws/build/my_competitor_pkg
-- Install configuration: ""
-- Execute custom install script
-- Symlinking: /overlay_ws/install/my_competitor_pkg/share/ament_index/resource_index/package_run_dependencies/my_competitor_pkg
-- Symlinking: /overlay_ws/install/my_competitor_pkg/share/ament_index/resource_index/parent_prefix_path/my_competitor_pkg
-- Symlinking: /overlay_ws/install/my_competitor_pkg/share/my_competitor_pkg/environment/ament_prefix_path.sh
-- Symlinking: /overlay_ws/install/my_competitor_pkg/share/my_competitor_pkg/environment/ament_prefix_path.dsv
-- Symlinking: /overlay_ws/install/my_competitor_pkg/share/my_competitor_pkg/environment/path.sh
-- Symlinking: /overlay_ws/install/my_competitor_pkg/share/my_competitor_pkg/environment/path.dsv
-- Symlinking: /overlay_ws/install/my_competitor_pkg/share/my_competitor_pkg/local_setup.bash
-- Symlinking: /overlay_ws/install/my_competitor_pkg/share/my_competitor_pkg/local_setup.sh
-- Symlinking: /overlay_ws/install/my_competitor_pkg/share/my_competitor_pkg/local_setup.zsh
-- Symlinking: /overlay_ws/install/my_competitor_pkg/share/my_competitor_pkg/local_setup.dsv
-- Symlinking: /overlay_ws/install/my_competitor_pkg/share/my_competitor_pkg/package.dsv
-- Symlinking: /overlay_ws/install/my_competitor_pkg/share/ament_index/resource_index/packages/my_competitor_pkg
-- Symlinking: /overlay_ws/install/my_competitor_pkg/share/my_competitor_pkg/cmake/my_competitor_pkgConfig.cmake
-- Symlinking: /overlay_ws/install/my_competitor_pkg/share/my_competitor_pkg/cmake/my_competitor_pkgConfig-version.cmake
-- Symlinking: /overlay_ws/install/my_competitor_pkg/share/my_competitor_pkg/package.xml
