[0.029s] Invoking command in '/overlay_ws/build/my_competitor_pkg': CMAKE_PREFIX_PATH=${CMAKE_PREFIX_PATH}:/overlay_ws/install/ariac_gui:/opt/ros/iron /usr/bin/cmake /overlay_ws/src/ARIAC/my_competitor_pkg -DAMENT_CMAKE_SYMLINK_INSTALL=1 -DCMAKE_INSTALL_PREFIX=/overlay_ws/install/my_competitor_pkg
[0.101s] -- The C compiler identification is GNU 11.4.0
[0.192s] -- The CXX compiler identification is GNU 11.4.0
[0.205s] -- Detecting C compiler ABI info
[0.326s] -- Detecting C compiler ABI info - done
[0.338s] -- Check for working C compiler: /usr/bin/cc - skipped
[0.339s] -- Detecting C compile features
[0.339s] -- Detecting C compile features - done
[0.345s] -- Detecting CXX compiler ABI info
[0.476s] -- Detecting CXX compiler ABI info - done
[0.490s] -- Check for working CXX compiler: /usr/bin/c++ - skipped
[0.490s] -- Detecting CXX compile features
[0.491s] -- Detecting CXX compile features - done
[0.498s] -- Found ament_cmake: 2.0.5 (/opt/ros/iron/share/ament_cmake/cmake)
[0.820s] -- Found Python3: /usr/bin/python3.10 (found version "3.10.12") found components: Interpreter 
[0.927s] -- Override CMake install command with custom implementation using symlinks instead of copying resources
[1.004s] -- Found rclcpp: 21.0.6 (/opt/ros/iron/share/rclcpp/cmake)
[1.098s] -- Found rosidl_generator_c: 4.0.1 (/opt/ros/iron/share/rosidl_generator_c/cmake)
[1.127s] -- Found rosidl_generator_cpp: 4.0.1 (/opt/ros/iron/share/rosidl_generator_cpp/cmake)
[1.161s] -- Using all available rosidl_typesupport_c: rosidl_typesupport_fastrtps_c;rosidl_typesupport_introspection_c
[1.199s] -- Using all available rosidl_typesupport_cpp: rosidl_typesupport_fastrtps_cpp;rosidl_typesupport_introspection_cpp
[1.463s] -- Found rmw_implementation_cmake: 7.1.0 (/opt/ros/iron/share/rmw_implementation_cmake/cmake)
[1.469s] -- Found rmw_cyclonedds_cpp: 1.6.0 (/opt/ros/iron/share/rmw_cyclonedds_cpp/cmake)
[1.531s] -- Using RMW implementation 'rmw_cyclonedds_cpp' as default
[1.788s] -- Found rclpy: 4.1.5 (/opt/ros/iron/share/rclpy/cmake)
[1.793s] -- Found ament_lint_auto: 0.14.3 (/opt/ros/iron/share/ament_lint_auto/cmake)
[1.926s] -- Added test 'lint_cmake' to check CMake code style
[1.928s] -- Added test 'xmllint' to check XML markup files
[1.931s] -- Configuring done
[1.938s] -- Generating done
[1.940s] -- Build files have been written to: /overlay_ws/build/my_competitor_pkg
[1.947s] Invoked command in '/overlay_ws/build/my_competitor_pkg' returned '0': CMAKE_PREFIX_PATH=${CMAKE_PREFIX_PATH}:/overlay_ws/install/ariac_gui:/opt/ros/iron /usr/bin/cmake /overlay_ws/src/ARIAC/my_competitor_pkg -DAMENT_CMAKE_SYMLINK_INSTALL=1 -DCMAKE_INSTALL_PREFIX=/overlay_ws/install/my_competitor_pkg
[1.949s] Invoking command in '/overlay_ws/build/my_competitor_pkg': CMAKE_PREFIX_PATH=${CMAKE_PREFIX_PATH}:/overlay_ws/install/ariac_gui:/opt/ros/iron /usr/bin/cmake --build /overlay_ws/build/my_competitor_pkg -- -j12 -l12
[2.004s] Invoked command in '/overlay_ws/build/my_competitor_pkg' returned '0': CMAKE_PREFIX_PATH=${CMAKE_PREFIX_PATH}:/overlay_ws/install/ariac_gui:/opt/ros/iron /usr/bin/cmake --build /overlay_ws/build/my_competitor_pkg -- -j12 -l12
[2.036s] Invoking command in '/overlay_ws/build/my_competitor_pkg': CMAKE_PREFIX_PATH=${CMAKE_PREFIX_PATH}:/overlay_ws/install/ariac_gui:/opt/ros/iron /usr/bin/cmake --install /overlay_ws/build/my_competitor_pkg
[2.045s] -- Install configuration: ""
[2.045s] -- Execute custom install script
[2.046s] -- Symlinking: /overlay_ws/install/my_competitor_pkg/share/ament_index/resource_index/package_run_dependencies/my_competitor_pkg
[2.057s] -- Symlinking: /overlay_ws/install/my_competitor_pkg/share/ament_index/resource_index/parent_prefix_path/my_competitor_pkg
[2.069s] -- Symlinking: /overlay_ws/install/my_competitor_pkg/share/my_competitor_pkg/environment/ament_prefix_path.sh
[2.082s] -- Symlinking: /overlay_ws/install/my_competitor_pkg/share/my_competitor_pkg/environment/ament_prefix_path.dsv
[2.094s] -- Symlinking: /overlay_ws/install/my_competitor_pkg/share/my_competitor_pkg/environment/path.sh
[2.106s] -- Symlinking: /overlay_ws/install/my_competitor_pkg/share/my_competitor_pkg/environment/path.dsv
[2.117s] -- Symlinking: /overlay_ws/install/my_competitor_pkg/share/my_competitor_pkg/local_setup.bash
[2.129s] -- Symlinking: /overlay_ws/install/my_competitor_pkg/share/my_competitor_pkg/local_setup.sh
[2.140s] -- Symlinking: /overlay_ws/install/my_competitor_pkg/share/my_competitor_pkg/local_setup.zsh
[2.151s] -- Symlinking: /overlay_ws/install/my_competitor_pkg/share/my_competitor_pkg/local_setup.dsv
[2.163s] -- Symlinking: /overlay_ws/install/my_competitor_pkg/share/my_competitor_pkg/package.dsv
[2.176s] -- Symlinking: /overlay_ws/install/my_competitor_pkg/share/ament_index/resource_index/packages/my_competitor_pkg
[2.188s] -- Symlinking: /overlay_ws/install/my_competitor_pkg/share/my_competitor_pkg/cmake/my_competitor_pkgConfig.cmake
[2.199s] -- Symlinking: /overlay_ws/install/my_competitor_pkg/share/my_competitor_pkg/cmake/my_competitor_pkgConfig-version.cmake
[2.210s] -- Symlinking: /overlay_ws/install/my_competitor_pkg/share/my_competitor_pkg/package.xml
[2.223s] Invoked command in '/overlay_ws/build/my_competitor_pkg' returned '0': CMAKE_PREFIX_PATH=${CMAKE_PREFIX_PATH}:/overlay_ws/install/ariac_gui:/opt/ros/iron /usr/bin/cmake --install /overlay_ws/build/my_competitor_pkg
