-- The C compiler identification is GNU 11.4.0
-- The CXX compiler identification is GNU 11.4.0
-- Detecting C compiler ABI info
-- Detecting C compiler ABI info - done
-- Check for working C compiler: /usr/bin/cc - skipped
-- Detecting C compile features
-- Detecting C compile features - done
-- Detecting CXX compiler ABI info
-- Detecting CXX compiler ABI info - done
-- Check for working CXX compiler: /usr/bin/c++ - skipped
-- Detecting CXX compile features
-- Detecting CXX compile features - done
-- Found ament_cmake: 2.0.5 (/opt/ros/iron/share/ament_cmake/cmake)
-- Found Python3: /usr/bin/python3.10 (found version "3.10.12") found components: Interpreter 
-- Override CMake install command with custom implementation using symlinks instead of copying resources
-- Found gazebo_msgs: 3.7.0 (/opt/ros/iron/share/gazebo_msgs/cmake)
-- Found rosidl_generator_c: 4.0.1 (/opt/ros/iron/share/rosidl_generator_c/cmake)
-- Found rosidl_generator_cpp: 4.0.1 (/opt/ros/iron/share/rosidl_generator_cpp/cmake)
-- Using all available rosidl_typesupport_c: rosidl_typesupport_fastrtps_c;rosidl_typesupport_introspection_c
-- Using all available rosidl_typesupport_cpp: rosidl_typesupport_fastrtps_cpp;rosidl_typesupport_introspection_cpp
-- Found gazebo_ros: 3.7.0 (/opt/ros/iron/share/gazebo_ros/cmake)
-- Found rmw_implementation_cmake: 7.1.0 (/opt/ros/iron/share/rmw_implementation_cmake/cmake)
-- Found rmw_cyclonedds_cpp: 1.6.0 (/opt/ros/iron/share/rmw_cyclonedds_cpp/cmake)
-- Using RMW implementation 'rmw_cyclonedds_cpp' as default
-- Found PkgConfig: /usr/bin/pkg-config (found version "0.29.2") 
-- Checking for module 'bullet>=2.82'
--   Found bullet, version 3.05
-- Found fcl: /usr/include (found suitable version "0.7.0", minimum required is "0.5.0") 
-- Found assimp: /usr/include (found version "5.2.0") 
-- Found DART: /usr/include (Required is at least version "6.6") found components: dart 
-- Found Boost: /usr/lib/x86_64-linux-gnu/cmake/Boost-1.74.0/BoostConfig.cmake (found suitable version "1.74.0", minimum required is "1.40.0") found components: thread system filesystem program_options regex iostreams date_time 
-- Found Protobuf: /usr/lib/x86_64-linux-gnu/libprotobuf.so (found version "3.12.4") 
-- Looking for ignition-math6 -- found version 6.15.1
-- Searching for dependencies of ignition-math6
-- Looking for OGRE...
-- OGRE_PREFIX_WATCH changed.
-- Checking for module 'OGRE'
--   Found OGRE, version 1.9.0
-- Found Ogre Ghadamon (1.9.0)
-- Found OGRE: optimized;/usr/lib/x86_64-linux-gnu/libOgreMain.so;debug;/usr/lib/x86_64-linux-gnu/libOgreMain.so
-- Looking for OGRE_Paging...
-- Found OGRE_Paging: optimized;/usr/lib/x86_64-linux-gnu/libOgrePaging.so;debug;/usr/lib/x86_64-linux-gnu/libOgrePaging.so
-- Looking for OGRE_Terrain...
-- Found OGRE_Terrain: optimized;/usr/lib/x86_64-linux-gnu/libOgreTerrain.so;debug;/usr/lib/x86_64-linux-gnu/libOgreTerrain.so
-- Looking for OGRE_Property...
-- Found OGRE_Property: optimized;/usr/lib/x86_64-linux-gnu/libOgreProperty.so;debug;/usr/lib/x86_64-linux-gnu/libOgreProperty.so
-- Looking for OGRE_RTShaderSystem...
-- Found OGRE_RTShaderSystem: optimized;/usr/lib/x86_64-linux-gnu/libOgreRTShaderSystem.so;debug;/usr/lib/x86_64-linux-gnu/libOgreRTShaderSystem.so
-- Looking for OGRE_Volume...
-- Found OGRE_Volume: optimized;/usr/lib/x86_64-linux-gnu/libOgreVolume.so;debug;/usr/lib/x86_64-linux-gnu/libOgreVolume.so
-- Looking for OGRE_Overlay...
-- Found OGRE_Overlay: optimized;/usr/lib/x86_64-linux-gnu/libOgreOverlay.so;debug;/usr/lib/x86_64-linux-gnu/libOgreOverlay.so
-- Looking for ignition-math6 -- found version 6.15.1
-- Looking for ignition-transport8 -- found version 8.2.1
-- Searching for dependencies of ignition-transport8
-- Found Protobuf: /usr/lib/x86_64-linux-gnu/libprotobuf.so (found suitable version "3.12.4", minimum required is "3") 
-- Config-file not installed for ZeroMQ -- checking for pkg-config
-- Checking for module 'libzmq >= 4'
--   Found libzmq , version 4.3.4
-- Found ZeroMQ: TRUE (Required is at least version "4") 
-- Checking for module 'uuid'
--   Found uuid, version 2.37.2
-- Found UUID: TRUE  
-- Looking for ignition-msgs5 -- found version 5.8.1
-- Searching for dependencies of ignition-msgs5
-- Looking for ignition-math6 -- found version 6.15.1
-- Checking for module 'tinyxml2'
--   Found tinyxml2, version 9.0.0
-- Looking for ignition-msgs5 -- found version 5.8.1
-- Looking for ignition-common3 -- found version 3.14.0
-- Searching for dependencies of ignition-common3
-- Looking for dlfcn.h - found
-- Looking for libdl - found
-- Found DL: TRUE  
-- Found tinyobjloader: /usr/lib/x86_64-linux-gnu/cmake/tinyobjloader/tinyobjloader-config.cmake (found version "2.0.0") 
-- Searching for <ignition-common3> component [graphics]
-- Looking for ignition-common3-graphics -- found version 3.14.0
-- Searching for dependencies of ignition-common3-graphics
-- Looking for ignition-math6 -- found version 6.15.1
-- Looking for ignition-fuel_tools4 -- found version 4.4.0
-- Searching for dependencies of ignition-fuel_tools4
-- Found CURL: /usr/lib/x86_64-linux-gnu/libcurl.so (found version "7.81.0")  
-- Checking for module 'jsoncpp'
--   Found jsoncpp, version 1.9.5
-- Found JSONCPP: TRUE  
-- Checking for module 'libzip'
--   Found libzip, version 1.7.3
-- Found ZIP: TRUE  
-- Looking for ignition-common3 -- found version 3.14.0
-- Looking for ignition-math6 -- found version 6.15.1
-- Looking for ignition-msgs5 -- found version 5.8.1
-- Gazebo version: 11.10
-- Checking for module 'tbb'
--   Found tbb, version 2021.5.0
-- Found ariac_msgs: 2024.4.1 (/overlay_ws/install/ariac_msgs/share/ariac_msgs/cmake)
-- Found std_srvs: 5.0.0 (/opt/ros/iron/share/std_srvs/cmake)
-- Found controller_manager_msgs: 3.25.0 (/opt/ros/iron/share/controller_manager_msgs/cmake)
-- Found sensor_msgs: 5.0.0 (/opt/ros/iron/share/sensor_msgs/cmake)
-- Found tf2_geometry_msgs: 0.31.6 (/opt/ros/iron/share/tf2_geometry_msgs/cmake)
-- Found eigen3_cmake_module: 0.2.2 (/opt/ros/iron/share/eigen3_cmake_module/cmake)
-- Found Eigen3: TRUE (found version "3.4.0") 
-- Ensuring Eigen3 include directory is part of orocos-kdl CMake target
-- Found tf2_kdl: 0.31.6 (/opt/ros/iron/share/tf2_kdl/cmake)
-- Configuring done
-- Generating done
-- Build files have been written to: /overlay_ws/build/ariac_plugins
[  5%] [32mBuilding CXX object CMakeFiles/TaskManagerPlugin.dir/src/task_manager_plugin.cpp.o[0m
[ 10%] [32mBuilding CXX object CMakeFiles/agv_plugin.dir/src/agv_plugin.cpp.o[0m
[ 15%] [32mBuilding CXX object CMakeFiles/GripperColorPlugin.dir/src/gripper_color_plugin.cpp.o[0m
[ 20%] [32mBuilding CXX object CMakeFiles/VacuumGripperPlugin.dir/src/vacuum_gripper_plugin.cpp.o[0m
[ 25%] [32mBuilding CXX object CMakeFiles/conveyor_belt_plugin.dir/src/conveyor_belt_plugin.cpp.o[0m
[ 30%] [32mBuilding CXX object CMakeFiles/assembly_lock_plugin.dir/src/assembly_lock_plugin.cpp.o[0m
[ 35%] [32mBuilding CXX object CMakeFiles/assembly_state_publisher.dir/src/assembly_state_publisher.cpp.o[0m
[ 40%] [32mBuilding CXX object CMakeFiles/disable_shadows_plugin.dir/src/disable_shadows_plugin.cpp.o[0m
[ 45%] [32mBuilding CXX object CMakeFiles/AGVTrayPlugin.dir/src/agv_tray_plugin.cpp.o[0m
[ 50%] [32mBuilding CXX object CMakeFiles/ObjectDisposalPlugin.dir/src/object_disposal_plugin.cpp.o[0m
[ 55%] [32m[1mLinking CXX shared library libdisable_shadows_plugin.so[0m
[ 55%] Built target disable_shadows_plugin
[ 60%] [32m[1mLinking CXX shared library libassembly_lock_plugin.so[0m
[ 60%] Built target assembly_lock_plugin
[ 65%] [32m[1mLinking CXX shared library libagv_plugin.so[0m
[ 65%] Built target agv_plugin
[ 70%] [32m[1mLinking CXX shared library libGripperColorPlugin.so[0m
[ 75%] [32m[1mLinking CXX shared library libAGVTrayPlugin.so[0m
[ 75%] Built target GripperColorPlugin
[ 75%] Built target AGVTrayPlugin
[ 80%] [32m[1mLinking CXX shared library libObjectDisposalPlugin.so[0m
[ 85%] [32m[1mLinking CXX shared library libconveyor_belt_plugin.so[0m
[ 85%] Built target ObjectDisposalPlugin
[ 90%] [32m[1mLinking CXX shared library libassembly_state_publisher.so[0m
[ 90%] Built target assembly_state_publisher
[ 90%] Built target conveyor_belt_plugin
[ 95%] [32m[1mLinking CXX shared library libVacuumGripperPlugin.so[0m
[ 95%] Built target VacuumGripperPlugin
[100%] [32m[1mLinking CXX shared library libTaskManagerPlugin.so[0m
[100%] Built target TaskManagerPlugin
-- Install configuration: ""
-- Execute custom install script
-- Symlinking: /overlay_ws/install/ariac_plugins/share/ariac_plugins/environment/library_path.sh
-- Symlinking: /overlay_ws/install/ariac_plugins/share/ariac_plugins/environment/library_path.dsv
-- Symlinking: /overlay_ws/install/ariac_plugins/share/ament_index/resource_index/package_run_dependencies/ariac_plugins
-- Symlinking: /overlay_ws/install/ariac_plugins/share/ament_index/resource_index/parent_prefix_path/ariac_plugins
-- Symlinking: /overlay_ws/install/ariac_plugins/share/ariac_plugins/environment/ament_prefix_path.sh
-- Symlinking: /overlay_ws/install/ariac_plugins/share/ariac_plugins/environment/ament_prefix_path.dsv
-- Symlinking: /overlay_ws/install/ariac_plugins/share/ariac_plugins/environment/path.sh
-- Symlinking: /overlay_ws/install/ariac_plugins/share/ariac_plugins/environment/path.dsv
-- Symlinking: /overlay_ws/install/ariac_plugins/share/ariac_plugins/local_setup.bash
-- Symlinking: /overlay_ws/install/ariac_plugins/share/ariac_plugins/local_setup.sh
-- Symlinking: /overlay_ws/install/ariac_plugins/share/ariac_plugins/local_setup.zsh
-- Symlinking: /overlay_ws/install/ariac_plugins/share/ariac_plugins/local_setup.dsv
-- Symlinking: /overlay_ws/install/ariac_plugins/share/ariac_plugins/package.dsv
-- Symlinking: /overlay_ws/install/ariac_plugins/share/ament_index/resource_index/packages/ariac_plugins
-- Symlinking: /overlay_ws/install/ariac_plugins/share/ariac_plugins/cmake/ament_cmake_export_libraries-extras.cmake
-- Symlinking: /overlay_ws/install/ariac_plugins/share/ariac_plugins/cmake/ariac_pluginsConfig.cmake
-- Symlinking: /overlay_ws/install/ariac_plugins/share/ariac_plugins/cmake/ariac_pluginsConfig-version.cmake
-- Symlinking: /overlay_ws/install/ariac_plugins/share/ariac_plugins/package.xml
-- Symlinking: /overlay_ws/install/ariac_plugins/include/ariac_plugins/agv_plugin.hpp
-- Symlinking: /overlay_ws/install/ariac_plugins/include/ariac_plugins/agv_tray_plugin.hpp
-- Symlinking: /overlay_ws/install/ariac_plugins/include/ariac_plugins/ariac_common.hpp
-- Symlinking: /overlay_ws/install/ariac_plugins/include/ariac_plugins/ariac_plugin_template.hpp
-- Symlinking: /overlay_ws/install/ariac_plugins/include/ariac_plugins/assembly_lock_plugin.hpp
-- Symlinking: /overlay_ws/install/ariac_plugins/include/ariac_plugins/assembly_state_publisher.hpp
-- Symlinking: /overlay_ws/install/ariac_plugins/include/ariac_plugins/conveyor_belt_plugin.hpp
-- Symlinking: /overlay_ws/install/ariac_plugins/include/ariac_plugins/disable_shadows_plugin.hpp
-- Symlinking: /overlay_ws/install/ariac_plugins/include/ariac_plugins/gripper_color_plugin.hpp
-- Symlinking: /overlay_ws/install/ariac_plugins/include/ariac_plugins/object_disposal_plugin.hpp
-- Symlinking: /overlay_ws/install/ariac_plugins/include/ariac_plugins/task_manager_plugin.hpp
-- Symlinking: /overlay_ws/install/ariac_plugins/include/ariac_plugins/vacuum_gripper_plugin.hpp
-- Symlinking: /overlay_ws/install/ariac_plugins/lib/libVacuumGripperPlugin.so
-- Symlinking: /overlay_ws/install/ariac_plugins/lib/libconveyor_belt_plugin.so
-- Symlinking: /overlay_ws/install/ariac_plugins/lib/libagv_plugin.so
-- Symlinking: /overlay_ws/install/ariac_plugins/lib/libassembly_lock_plugin.so
-- Symlinking: /overlay_ws/install/ariac_plugins/lib/libassembly_state_publisher.so
-- Symlinking: /overlay_ws/install/ariac_plugins/lib/libGripperColorPlugin.so
-- Symlinking: /overlay_ws/install/ariac_plugins/lib/libdisable_shadows_plugin.so
-- Symlinking: /overlay_ws/install/ariac_plugins/lib/libObjectDisposalPlugin.so
-- Symlinking: /overlay_ws/install/ariac_plugins/lib/libAGVTrayPlugin.so
-- Symlinking: /overlay_ws/install/ariac_plugins/lib/libTaskManagerPlugin.so
