[0.010s] Invoking command in '/overlay_ws/build/ariac_plugins': AMENT_PREFIX_PATH=/overlay_ws/install/ariac_msgs:${AMENT_PREFIX_PATH} CMAKE_PREFIX_PATH=/overlay_ws/install/ariac_msgs:/opt/ros/iron LD_LIBRARY_PATH=/overlay_ws/install/ariac_msgs/lib:${LD_LIBRARY_PATH} PYTHONPATH=/overlay_ws/install/ariac_msgs/lib/python3.10/site-packages:${PYTHONPATH} /usr/bin/cmake /overlay_ws/src/ARIAC/ariac_plugins -DAMENT_CMAKE_SYMLINK_INSTALL=1 -DCMAKE_INSTALL_PREFIX=/overlay_ws/install/ariac_plugins
[0.069s] -- The C compiler identification is GNU 11.4.0
[0.129s] -- The CXX compiler identification is GNU 11.4.0
[0.136s] -- Detecting C compiler ABI info
[0.201s] -- Detecting C compiler ABI info - done
[0.208s] -- Check for working C compiler: /usr/bin/cc - skipped
[0.208s] -- Detecting C compile features
[0.208s] -- Detecting C compile features - done
[0.211s] -- Detecting CXX compiler ABI info
[0.300s] -- Detecting CXX compiler ABI info - done
[0.309s] -- Check for working CXX compiler: /usr/bin/c++ - skipped
[0.310s] -- Detecting CXX compile features
[0.310s] -- Detecting CXX compile features - done
[0.314s] -- Found ament_cmake: 2.0.5 (/opt/ros/iron/share/ament_cmake/cmake)
[0.486s] -- Found Python3: /usr/bin/python3.10 (found version "3.10.12") found components: Interpreter 
[0.560s] -- Override CMake install command with custom implementation using symlinks instead of copying resources
[0.616s] -- Found gazebo_msgs: 3.7.0 (/opt/ros/iron/share/gazebo_msgs/cmake)
[0.685s] -- Found rosidl_generator_c: 4.0.1 (/opt/ros/iron/share/rosidl_generator_c/cmake)
[0.708s] -- Found rosidl_generator_cpp: 4.0.1 (/opt/ros/iron/share/rosidl_generator_cpp/cmake)
[0.736s] -- Using all available rosidl_typesupport_c: rosidl_typesupport_fastrtps_c;rosidl_typesupport_introspection_c
[0.771s] -- Using all available rosidl_typesupport_cpp: rosidl_typesupport_fastrtps_cpp;rosidl_typesupport_introspection_cpp
[1.419s] -- Found gazebo_ros: 3.7.0 (/opt/ros/iron/share/gazebo_ros/cmake)
[1.589s] -- Found rmw_implementation_cmake: 7.1.0 (/opt/ros/iron/share/rmw_implementation_cmake/cmake)
[1.594s] -- Found rmw_cyclonedds_cpp: 1.6.0 (/opt/ros/iron/share/rmw_cyclonedds_cpp/cmake)
[1.649s] -- Using RMW implementation 'rmw_cyclonedds_cpp' as default
[1.929s] -- Found PkgConfig: /usr/bin/pkg-config (found version "0.29.2") 
[1.930s] -- Checking for module 'bullet>=2.82'
[1.943s] --   Found bullet, version 3.05
[2.063s] -- Found fcl: /usr/include (found suitable version "0.7.0", minimum required is "0.5.0") 
[2.114s] -- Found assimp: /usr/include (found version "5.2.0") 
[2.137s] -- Found DART: /usr/include (Required is at least version "6.6") found components: dart 
[2.356s] -- Found Boost: /usr/lib/x86_64-linux-gnu/cmake/Boost-1.74.0/BoostConfig.cmake (found suitable version "1.74.0", minimum required is "1.40.0") found components: thread system filesystem program_options regex iostreams date_time 
[2.368s] -- Found Protobuf: /usr/lib/x86_64-linux-gnu/libprotobuf.so (found version "3.12.4") 
[2.374s] -- Looking for ignition-math6 -- found version 6.15.1
[2.382s] -- Searching for dependencies of ignition-math6
[2.384s] -- Looking for OGRE...
[2.384s] -- OGRE_PREFIX_WATCH changed.
[2.389s] -- Checking for module 'OGRE'
[2.401s] --   Found OGRE, version 1.9.0
[2.429s] -- Found Ogre Ghadamon (1.9.0)
[2.438s] -- Found OGRE: optimized;/usr/lib/x86_64-linux-gnu/libOgreMain.so;debug;/usr/lib/x86_64-linux-gnu/libOgreMain.so
[2.449s] -- Looking for OGRE_Paging...
[2.454s] -- Found OGRE_Paging: optimized;/usr/lib/x86_64-linux-gnu/libOgrePaging.so;debug;/usr/lib/x86_64-linux-gnu/libOgrePaging.so
[2.454s] -- Looking for OGRE_Terrain...
[2.458s] -- Found OGRE_Terrain: optimized;/usr/lib/x86_64-linux-gnu/libOgreTerrain.so;debug;/usr/lib/x86_64-linux-gnu/libOgreTerrain.so
[2.458s] -- Looking for OGRE_Property...
[2.463s] -- Found OGRE_Property: optimized;/usr/lib/x86_64-linux-gnu/libOgreProperty.so;debug;/usr/lib/x86_64-linux-gnu/libOgreProperty.so
[2.463s] -- Looking for OGRE_RTShaderSystem...
[2.468s] -- Found OGRE_RTShaderSystem: optimized;/usr/lib/x86_64-linux-gnu/libOgreRTShaderSystem.so;debug;/usr/lib/x86_64-linux-gnu/libOgreRTShaderSystem.so
[2.468s] -- Looking for OGRE_Volume...
[2.472s] -- Found OGRE_Volume: optimized;/usr/lib/x86_64-linux-gnu/libOgreVolume.so;debug;/usr/lib/x86_64-linux-gnu/libOgreVolume.so
[2.472s] -- Looking for OGRE_Overlay...
[2.477s] -- Found OGRE_Overlay: optimized;/usr/lib/x86_64-linux-gnu/libOgreOverlay.so;debug;/usr/lib/x86_64-linux-gnu/libOgreOverlay.so
[2.594s] -- Looking for ignition-math6 -- found version 6.15.1
[2.599s] -- Looking for ignition-transport8 -- found version 8.2.1
[2.599s] -- Searching for dependencies of ignition-transport8
[2.629s] -- Found Protobuf: /usr/lib/x86_64-linux-gnu/libprotobuf.so (found suitable version "3.12.4", minimum required is "3") 
[2.649s] -- Config-file not installed for ZeroMQ -- checking for pkg-config
[2.655s] -- Checking for module 'libzmq >= 4'
[2.670s] --   Found libzmq , version 4.3.4
[2.707s] -- Found ZeroMQ: TRUE (Required is at least version "4") 
[2.713s] -- Checking for module 'uuid'
[2.725s] --   Found uuid, version 2.37.2
[2.757s] -- Found UUID: TRUE  
[2.760s] -- Looking for ignition-msgs5 -- found version 5.8.1
[2.761s] -- Searching for dependencies of ignition-msgs5
[2.789s] -- Looking for ignition-math6 -- found version 6.15.1
[2.796s] -- Checking for module 'tinyxml2'
[2.812s] --   Found tinyxml2, version 9.0.0
[2.850s] -- Looking for ignition-msgs5 -- found version 5.8.1
[2.854s] -- Looking for ignition-common3 -- found version 3.14.0
[2.854s] -- Searching for dependencies of ignition-common3
[2.855s] -- Looking for dlfcn.h - found
[2.855s] -- Looking for libdl - found
[2.857s] -- Found DL: TRUE  
[2.870s] -- Found tinyobjloader: /usr/lib/x86_64-linux-gnu/cmake/tinyobjloader/tinyobjloader-config.cmake (found version "2.0.0") 
[2.871s] -- Searching for <ignition-common3> component [graphics]
[2.874s] -- Looking for ignition-common3-graphics -- found version 3.14.0
[2.875s] -- Searching for dependencies of ignition-common3-graphics
[2.875s] -- Looking for ignition-math6 -- found version 6.15.1
[2.880s] -- Looking for ignition-fuel_tools4 -- found version 4.4.0
[2.880s] -- Searching for dependencies of ignition-fuel_tools4
[2.972s] -- Found CURL: /usr/lib/x86_64-linux-gnu/libcurl.so (found version "7.81.0")  
[2.981s] -- Checking for module 'jsoncpp'
[2.994s] --   Found jsoncpp, version 1.9.5
[3.027s] -- Found JSONCPP: TRUE  
[3.033s] -- Checking for module 'libzip'
[3.045s] --   Found libzip, version 1.7.3
[3.077s] -- Found ZIP: TRUE  
[3.078s] -- Looking for ignition-common3 -- found version 3.14.0
[3.078s] -- Looking for ignition-math6 -- found version 6.15.1
[3.079s] -- Looking for ignition-msgs5 -- found version 5.8.1
[3.083s] -- Gazebo version: 11.10
[3.083s] -- Checking for module 'tbb'
[3.096s] --   Found tbb, version 2021.5.0
[3.138s] -- Found ariac_msgs: 2024.4.1 (/overlay_ws/install/ariac_msgs/share/ariac_msgs/cmake)
[3.338s] -- Found std_srvs: 5.0.0 (/opt/ros/iron/share/std_srvs/cmake)
[3.404s] -- Found controller_manager_msgs: 3.25.0 (/opt/ros/iron/share/controller_manager_msgs/cmake)
[3.648s] -- Found sensor_msgs: 5.0.0 (/opt/ros/iron/share/sensor_msgs/cmake)
[3.787s] -- Found tf2_geometry_msgs: 0.31.6 (/opt/ros/iron/share/tf2_geometry_msgs/cmake)
[3.803s] -- Found eigen3_cmake_module: 0.2.2 (/opt/ros/iron/share/eigen3_cmake_module/cmake)
[3.804s] -- Found Eigen3: TRUE (found version "3.4.0") 
[3.805s] -- Ensuring Eigen3 include directory is part of orocos-kdl CMake target
[4.442s] -- Found tf2_kdl: 0.31.6 (/opt/ros/iron/share/tf2_kdl/cmake)
[4.855s] -- Configuring done
[5.237s] -- Generating done
[5.241s] -- Build files have been written to: /overlay_ws/build/ariac_plugins
[5.256s] Invoked command in '/overlay_ws/build/ariac_plugins' returned '0': AMENT_PREFIX_PATH=/overlay_ws/install/ariac_msgs:${AMENT_PREFIX_PATH} CMAKE_PREFIX_PATH=/overlay_ws/install/ariac_msgs:/opt/ros/iron LD_LIBRARY_PATH=/overlay_ws/install/ariac_msgs/lib:${LD_LIBRARY_PATH} PYTHONPATH=/overlay_ws/install/ariac_msgs/lib/python3.10/site-packages:${PYTHONPATH} /usr/bin/cmake /overlay_ws/src/ARIAC/ariac_plugins -DAMENT_CMAKE_SYMLINK_INSTALL=1 -DCMAKE_INSTALL_PREFIX=/overlay_ws/install/ariac_plugins
[5.259s] Invoking command in '/overlay_ws/build/ariac_plugins': AMENT_PREFIX_PATH=/overlay_ws/install/ariac_msgs:${AMENT_PREFIX_PATH} CMAKE_PREFIX_PATH=/overlay_ws/install/ariac_msgs:/opt/ros/iron LD_LIBRARY_PATH=/overlay_ws/install/ariac_msgs/lib:${LD_LIBRARY_PATH} PYTHONPATH=/overlay_ws/install/ariac_msgs/lib/python3.10/site-packages:${PYTHONPATH} /usr/bin/cmake --build /overlay_ws/build/ariac_plugins -- -j12 -l12
[5.381s] [  5%] [32mBuilding CXX object CMakeFiles/TaskManagerPlugin.dir/src/task_manager_plugin.cpp.o[0m
[5.381s] [ 10%] [32mBuilding CXX object CMakeFiles/agv_plugin.dir/src/agv_plugin.cpp.o[0m
[5.382s] [ 15%] [32mBuilding CXX object CMakeFiles/GripperColorPlugin.dir/src/gripper_color_plugin.cpp.o[0m
[5.383s] [ 20%] [32mBuilding CXX object CMakeFiles/VacuumGripperPlugin.dir/src/vacuum_gripper_plugin.cpp.o[0m
[5.384s] [ 25%] [32mBuilding CXX object CMakeFiles/conveyor_belt_plugin.dir/src/conveyor_belt_plugin.cpp.o[0m
[5.385s] [ 30%] [32mBuilding CXX object CMakeFiles/assembly_lock_plugin.dir/src/assembly_lock_plugin.cpp.o[0m
[5.385s] [ 35%] [32mBuilding CXX object CMakeFiles/assembly_state_publisher.dir/src/assembly_state_publisher.cpp.o[0m
[5.385s] [ 40%] [32mBuilding CXX object CMakeFiles/disable_shadows_plugin.dir/src/disable_shadows_plugin.cpp.o[0m
[5.386s] [ 45%] [32mBuilding CXX object CMakeFiles/AGVTrayPlugin.dir/src/agv_tray_plugin.cpp.o[0m
[5.388s] [ 50%] [32mBuilding CXX object CMakeFiles/ObjectDisposalPlugin.dir/src/object_disposal_plugin.cpp.o[0m
[36.071s] [ 55%] [32m[1mLinking CXX shared library libdisable_shadows_plugin.so[0m
[37.396s] [ 55%] Built target disable_shadows_plugin
[37.658s] [ 60%] [32m[1mLinking CXX shared library libassembly_lock_plugin.so[0m
[39.010s] [ 60%] Built target assembly_lock_plugin
[40.017s] [ 65%] [32m[1mLinking CXX shared library libagv_plugin.so[0m
[41.455s] [ 65%] Built target agv_plugin
[42.448s] [ 70%] [32m[1mLinking CXX shared library libGripperColorPlugin.so[0m
[42.948s] [ 75%] [32m[1mLinking CXX shared library libAGVTrayPlugin.so[0m
[44.125s] [ 75%] Built target GripperColorPlugin
[44.481s] [ 75%] Built target AGVTrayPlugin
[44.707s] [ 80%] [32m[1mLinking CXX shared library libObjectDisposalPlugin.so[0m
[46.045s] [ 85%] [32m[1mLinking CXX shared library libconveyor_belt_plugin.so[0m
[46.046s] [ 85%] Built target ObjectDisposalPlugin
[46.067s] [ 90%] [32m[1mLinking CXX shared library libassembly_state_publisher.so[0m
[47.475s] [ 90%] Built target assembly_state_publisher
[47.698s] [ 90%] Built target conveyor_belt_plugin
[54.529s] [ 95%] [32m[1mLinking CXX shared library libVacuumGripperPlugin.so[0m
[56.196s] [ 95%] Built target VacuumGripperPlugin
[69.292s] [100%] [32m[1mLinking CXX shared library libTaskManagerPlugin.so[0m
[71.755s] [100%] Built target TaskManagerPlugin
[71.772s] Invoked command in '/overlay_ws/build/ariac_plugins' returned '0': AMENT_PREFIX_PATH=/overlay_ws/install/ariac_msgs:${AMENT_PREFIX_PATH} CMAKE_PREFIX_PATH=/overlay_ws/install/ariac_msgs:/opt/ros/iron LD_LIBRARY_PATH=/overlay_ws/install/ariac_msgs/lib:${LD_LIBRARY_PATH} PYTHONPATH=/overlay_ws/install/ariac_msgs/lib/python3.10/site-packages:${PYTHONPATH} /usr/bin/cmake --build /overlay_ws/build/ariac_plugins -- -j12 -l12
[71.834s] Invoking command in '/overlay_ws/build/ariac_plugins': AMENT_PREFIX_PATH=/overlay_ws/install/ariac_msgs:${AMENT_PREFIX_PATH} CMAKE_PREFIX_PATH=/overlay_ws/install/ariac_msgs:/opt/ros/iron LD_LIBRARY_PATH=/overlay_ws/install/ariac_msgs/lib:${LD_LIBRARY_PATH} PYTHONPATH=/overlay_ws/install/ariac_msgs/lib/python3.10/site-packages:${PYTHONPATH} /usr/bin/cmake --install /overlay_ws/build/ariac_plugins
[71.843s] -- Install configuration: ""
[71.844s] -- Execute custom install script
[71.846s] -- Symlinking: /overlay_ws/install/ariac_plugins/share/ariac_plugins/environment/library_path.sh
[71.855s] -- Symlinking: /overlay_ws/install/ariac_plugins/share/ariac_plugins/environment/library_path.dsv
[71.867s] -- Symlinking: /overlay_ws/install/ariac_plugins/share/ament_index/resource_index/package_run_dependencies/ariac_plugins
[71.876s] -- Symlinking: /overlay_ws/install/ariac_plugins/share/ament_index/resource_index/parent_prefix_path/ariac_plugins
[71.886s] -- Symlinking: /overlay_ws/install/ariac_plugins/share/ariac_plugins/environment/ament_prefix_path.sh
[71.895s] -- Symlinking: /overlay_ws/install/ariac_plugins/share/ariac_plugins/environment/ament_prefix_path.dsv
[71.904s] -- Symlinking: /overlay_ws/install/ariac_plugins/share/ariac_plugins/environment/path.sh
[71.912s] -- Symlinking: /overlay_ws/install/ariac_plugins/share/ariac_plugins/environment/path.dsv
[71.921s] -- Symlinking: /overlay_ws/install/ariac_plugins/share/ariac_plugins/local_setup.bash
[71.930s] -- Symlinking: /overlay_ws/install/ariac_plugins/share/ariac_plugins/local_setup.sh
[71.939s] -- Symlinking: /overlay_ws/install/ariac_plugins/share/ariac_plugins/local_setup.zsh
[71.949s] -- Symlinking: /overlay_ws/install/ariac_plugins/share/ariac_plugins/local_setup.dsv
[71.958s] -- Symlinking: /overlay_ws/install/ariac_plugins/share/ariac_plugins/package.dsv
[71.967s] -- Symlinking: /overlay_ws/install/ariac_plugins/share/ament_index/resource_index/packages/ariac_plugins
[71.975s] -- Symlinking: /overlay_ws/install/ariac_plugins/share/ariac_plugins/cmake/ament_cmake_export_libraries-extras.cmake
[71.983s] -- Symlinking: /overlay_ws/install/ariac_plugins/share/ariac_plugins/cmake/ariac_pluginsConfig.cmake
[71.991s] -- Symlinking: /overlay_ws/install/ariac_plugins/share/ariac_plugins/cmake/ariac_pluginsConfig-version.cmake
[72.000s] -- Symlinking: /overlay_ws/install/ariac_plugins/share/ariac_plugins/package.xml
[72.009s] -- Symlinking: /overlay_ws/install/ariac_plugins/include/ariac_plugins/agv_plugin.hpp
[72.017s] -- Symlinking: /overlay_ws/install/ariac_plugins/include/ariac_plugins/agv_tray_plugin.hpp
[72.025s] -- Symlinking: /overlay_ws/install/ariac_plugins/include/ariac_plugins/ariac_common.hpp
[72.033s] -- Symlinking: /overlay_ws/install/ariac_plugins/include/ariac_plugins/ariac_plugin_template.hpp
[72.041s] -- Symlinking: /overlay_ws/install/ariac_plugins/include/ariac_plugins/assembly_lock_plugin.hpp
[72.050s] -- Symlinking: /overlay_ws/install/ariac_plugins/include/ariac_plugins/assembly_state_publisher.hpp
[72.058s] -- Symlinking: /overlay_ws/install/ariac_plugins/include/ariac_plugins/conveyor_belt_plugin.hpp
[72.066s] -- Symlinking: /overlay_ws/install/ariac_plugins/include/ariac_plugins/disable_shadows_plugin.hpp
[72.074s] -- Symlinking: /overlay_ws/install/ariac_plugins/include/ariac_plugins/gripper_color_plugin.hpp
[72.083s] -- Symlinking: /overlay_ws/install/ariac_plugins/include/ariac_plugins/object_disposal_plugin.hpp
[72.091s] -- Symlinking: /overlay_ws/install/ariac_plugins/include/ariac_plugins/task_manager_plugin.hpp
[72.100s] -- Symlinking: /overlay_ws/install/ariac_plugins/include/ariac_plugins/vacuum_gripper_plugin.hpp
[72.112s] -- Symlinking: /overlay_ws/install/ariac_plugins/lib/libVacuumGripperPlugin.so
[72.134s] -- Symlinking: /overlay_ws/install/ariac_plugins/lib/libconveyor_belt_plugin.so
[72.147s] -- Symlinking: /overlay_ws/install/ariac_plugins/lib/libagv_plugin.so
[72.158s] -- Symlinking: /overlay_ws/install/ariac_plugins/lib/libassembly_lock_plugin.so
[72.167s] -- Symlinking: /overlay_ws/install/ariac_plugins/lib/libassembly_state_publisher.so
[72.177s] -- Symlinking: /overlay_ws/install/ariac_plugins/lib/libGripperColorPlugin.so
[72.186s] -- Symlinking: /overlay_ws/install/ariac_plugins/lib/libdisable_shadows_plugin.so
[72.194s] -- Symlinking: /overlay_ws/install/ariac_plugins/lib/libObjectDisposalPlugin.so
[72.202s] -- Symlinking: /overlay_ws/install/ariac_plugins/lib/libAGVTrayPlugin.so
[72.210s] -- Symlinking: /overlay_ws/install/ariac_plugins/lib/libTaskManagerPlugin.so
[72.223s] Invoked command in '/overlay_ws/build/ariac_plugins' returned '0': AMENT_PREFIX_PATH=/overlay_ws/install/ariac_msgs:${AMENT_PREFIX_PATH} CMAKE_PREFIX_PATH=/overlay_ws/install/ariac_msgs:/opt/ros/iron LD_LIBRARY_PATH=/overlay_ws/install/ariac_msgs/lib:${LD_LIBRARY_PATH} PYTHONPATH=/overlay_ws/install/ariac_msgs/lib/python3.10/site-packages:${PYTHONPATH} /usr/bin/cmake --install /overlay_ws/build/ariac_plugins
