-- Install configuration: ""
-- Execute custom install script
-- Up-to-date symlink: /overlay_ws/install/ariac_moveit_config/share/ariac_moveit_config/config/ariac_robots.srdf
-- Up-to-date symlink: /overlay_ws/install/ariac_moveit_config/share/ariac_moveit_config/config/joint_limits.yaml
-- Up-to-date symlink: /overlay_ws/install/ariac_moveit_config/share/ariac_moveit_config/config/kinematics.yaml
-- Up-to-date symlink: /overlay_ws/install/ariac_moveit_config/share/ariac_moveit_config/config/moveit_controllers.yaml
-- Up-to-date symlink: /overlay_ws/install/ariac_moveit_config/share/ariac_moveit_config/config/ompl_planning.yaml
-- Up-to-date symlink: /overlay_ws/install/ariac_moveit_config/share/ariac_moveit_config/launch/ariac_robots_moveit.launch.py
-- Up-to-date symlink: /overlay_ws/install/ariac_moveit_config/share/ariac_moveit_config/rviz/moveit.rviz
-- Up-to-date symlink: /overlay_ws/install/ariac_moveit_config/share/ament_index/resource_index/package_run_dependencies/ariac_moveit_config
-- Up-to-date symlink: /overlay_ws/install/ariac_moveit_config/share/ament_index/resource_index/parent_prefix_path/ariac_moveit_config
-- Up-to-date symlink: /overlay_ws/install/ariac_moveit_config/share/ariac_moveit_config/environment/ament_prefix_path.sh
-- Up-to-date symlink: /overlay_ws/install/ariac_moveit_config/share/ariac_moveit_config/environment/ament_prefix_path.dsv
-- Up-to-date symlink: /overlay_ws/install/ariac_moveit_config/share/ariac_moveit_config/environment/path.sh
-- Up-to-date symlink: /overlay_ws/install/ariac_moveit_config/share/ariac_moveit_config/environment/path.dsv
-- Up-to-date symlink: /overlay_ws/install/ariac_moveit_config/share/ariac_moveit_config/local_setup.bash
-- Up-to-date symlink: /overlay_ws/install/ariac_moveit_config/share/ariac_moveit_config/local_setup.sh
-- Up-to-date symlink: /overlay_ws/install/ariac_moveit_config/share/ariac_moveit_config/local_setup.zsh
-- Up-to-date symlink: /overlay_ws/install/ariac_moveit_config/share/ariac_moveit_config/local_setup.dsv
-- Symlinking: /overlay_ws/install/ariac_moveit_config/share/ariac_moveit_config/package.dsv
-- Up-to-date symlink: /overlay_ws/install/ariac_moveit_config/share/ament_index/resource_index/packages/ariac_moveit_config
-- Up-to-date symlink: /overlay_ws/install/ariac_moveit_config/share/ariac_moveit_config/cmake/ariac_moveit_configConfig.cmake
-- Up-to-date symlink: /overlay_ws/install/ariac_moveit_config/share/ariac_moveit_config/cmake/ariac_moveit_configConfig-version.cmake
-- Up-to-date symlink: /overlay_ws/install/ariac_moveit_config/share/ariac_moveit_config/package.xml
