[0.029s] Invoking command in '/overlay_ws/build/ariac_moveit_config': CMAKE_PREFIX_PATH=${CMAKE_PREFIX_PATH}:/overlay_ws/install/ariac_gui:/opt/ros/iron /usr/bin/cmake --build /overlay_ws/build/ariac_moveit_config -- -j12 -l12
[0.075s] Invoked command in '/overlay_ws/build/ariac_moveit_config' returned '0': CMAKE_PREFIX_PATH=${CMAKE_PREFIX_PATH}:/overlay_ws/install/ariac_gui:/opt/ros/iron /usr/bin/cmake --build /overlay_ws/build/ariac_moveit_config -- -j12 -l12
[0.107s] Invoking command in '/overlay_ws/build/ariac_moveit_config': CMAKE_PREFIX_PATH=${CMAKE_PREFIX_PATH}:/overlay_ws/install/ariac_gui:/opt/ros/iron /usr/bin/cmake --install /overlay_ws/build/ariac_moveit_config
[0.116s] -- Install configuration: ""
[0.117s] -- Execute custom install script
[0.118s] -- Up-to-date symlink: /overlay_ws/install/ariac_moveit_config/share/ariac_moveit_config/config/ariac_robots.srdf
[0.119s] -- Up-to-date symlink: /overlay_ws/install/ariac_moveit_config/share/ariac_moveit_config/config/joint_limits.yaml
[0.119s] -- Up-to-date symlink: /overlay_ws/install/ariac_moveit_config/share/ariac_moveit_config/config/kinematics.yaml
[0.120s] -- Up-to-date symlink: /overlay_ws/install/ariac_moveit_config/share/ariac_moveit_config/config/moveit_controllers.yaml
[0.120s] -- Up-to-date symlink: /overlay_ws/install/ariac_moveit_config/share/ariac_moveit_config/config/ompl_planning.yaml
[0.121s] -- Up-to-date symlink: /overlay_ws/install/ariac_moveit_config/share/ariac_moveit_config/launch/ariac_robots_moveit.launch.py
[0.123s] -- Up-to-date symlink: /overlay_ws/install/ariac_moveit_config/share/ariac_moveit_config/rviz/moveit.rviz
[0.124s] -- Up-to-date symlink: /overlay_ws/install/ariac_moveit_config/share/ament_index/resource_index/package_run_dependencies/ariac_moveit_config
[0.125s] -- Up-to-date symlink: /overlay_ws/install/ariac_moveit_config/share/ament_index/resource_index/parent_prefix_path/ariac_moveit_config
[0.125s] -- Up-to-date symlink: /overlay_ws/install/ariac_moveit_config/share/ariac_moveit_config/environment/ament_prefix_path.sh
[0.125s] -- Up-to-date symlink: /overlay_ws/install/ariac_moveit_config/share/ariac_moveit_config/environment/ament_prefix_path.dsv
[0.126s] -- Up-to-date symlink: /overlay_ws/install/ariac_moveit_config/share/ariac_moveit_config/environment/path.sh
[0.126s] -- Up-to-date symlink: /overlay_ws/install/ariac_moveit_config/share/ariac_moveit_config/environment/path.dsv
[0.127s] -- Up-to-date symlink: /overlay_ws/install/ariac_moveit_config/share/ariac_moveit_config/local_setup.bash
[0.127s] -- Up-to-date symlink: /overlay_ws/install/ariac_moveit_config/share/ariac_moveit_config/local_setup.sh
[0.128s] -- Up-to-date symlink: /overlay_ws/install/ariac_moveit_config/share/ariac_moveit_config/local_setup.zsh
[0.129s] -- Up-to-date symlink: /overlay_ws/install/ariac_moveit_config/share/ariac_moveit_config/local_setup.dsv
[0.129s] -- Symlinking: /overlay_ws/install/ariac_moveit_config/share/ariac_moveit_config/package.dsv
[0.143s] -- Up-to-date symlink: /overlay_ws/install/ariac_moveit_config/share/ament_index/resource_index/packages/ariac_moveit_config
[0.144s] -- Up-to-date symlink: /overlay_ws/install/ariac_moveit_config/share/ariac_moveit_config/cmake/ariac_moveit_configConfig.cmake
[0.144s] -- Up-to-date symlink: /overlay_ws/install/ariac_moveit_config/share/ariac_moveit_config/cmake/ariac_moveit_configConfig-version.cmake
[0.145s] -- Up-to-date symlink: /overlay_ws/install/ariac_moveit_config/share/ariac_moveit_config/package.xml
[0.147s] Invoked command in '/overlay_ws/build/ariac_moveit_config' returned '0': CMAKE_PREFIX_PATH=${CMAKE_PREFIX_PATH}:/overlay_ws/install/ariac_gui:/opt/ros/iron /usr/bin/cmake --install /overlay_ws/build/ariac_moveit_config
