[0.008s] Invoking command in '/overlay_ws/build/ariac_controllers': CMAKE_PREFIX_PATH=/opt/ros/iron /usr/bin/cmake /overlay_ws/src/ARIAC/ariac_controllers -DAMENT_CMAKE_SYMLINK_INSTALL=1 -DCMAKE_INSTALL_PREFIX=/overlay_ws/install/ariac_controllers
[0.060s] -- The C compiler identification is GNU 11.4.0
[0.113s] -- The CXX compiler identification is GNU 11.4.0
[0.120s] -- Detecting C compiler ABI info
[0.183s] -- Detecting C compiler ABI info - done
[0.190s] -- Check for working C compiler: /usr/bin/cc - skipped
[0.191s] -- Detecting C compile features
[0.191s] -- Detecting C compile features - done
[0.194s] -- Detecting CXX compiler ABI info
[0.275s] -- Detecting CXX compiler ABI info - done
[0.282s] -- Check for working CXX compiler: /usr/bin/c++ - skipped
[0.283s] -- Detecting CXX compile features
[0.283s] -- Detecting CXX compile features - done
[0.286s] -- Found ament_cmake: 2.0.5 (/opt/ros/iron/share/ament_cmake/cmake)
[0.447s] -- Found Python3: /usr/bin/python3.10 (found version "3.10.12") found components: Interpreter 
[0.521s] -- Override CMake install command with custom implementation using symlinks instead of copying resources
[0.589s] -- Found rclcpp: 21.0.6 (/opt/ros/iron/share/rclcpp/cmake)
[0.659s] -- Found rosidl_generator_c: 4.0.1 (/opt/ros/iron/share/rosidl_generator_c/cmake)
[0.680s] -- Found rosidl_generator_cpp: 4.0.1 (/opt/ros/iron/share/rosidl_generator_cpp/cmake)
[0.709s] -- Using all available rosidl_typesupport_c: rosidl_typesupport_fastrtps_c;rosidl_typesupport_introspection_c
[0.742s] -- Using all available rosidl_typesupport_cpp: rosidl_typesupport_fastrtps_cpp;rosidl_typesupport_introspection_cpp
[1.007s] -- Found rmw_implementation_cmake: 7.1.0 (/opt/ros/iron/share/rmw_implementation_cmake/cmake)
[1.011s] -- Found rmw_cyclonedds_cpp: 1.6.0 (/opt/ros/iron/share/rmw_cyclonedds_cpp/cmake)
[1.065s] -- Using RMW implementation 'rmw_cyclonedds_cpp' as default
[1.321s] -- Found controller_interface: 3.25.0 (/opt/ros/iron/share/controller_interface/cmake)
[2.597s] -- Configuring done
[2.616s] -- Generating done
[2.618s] -- Build files have been written to: /overlay_ws/build/ariac_controllers
[2.626s] Invoked command in '/overlay_ws/build/ariac_controllers' returned '0': CMAKE_PREFIX_PATH=/opt/ros/iron /usr/bin/cmake /overlay_ws/src/ARIAC/ariac_controllers -DAMENT_CMAKE_SYMLINK_INSTALL=1 -DCMAKE_INSTALL_PREFIX=/overlay_ws/install/ariac_controllers
[2.627s] Invoking command in '/overlay_ws/build/ariac_controllers': CMAKE_PREFIX_PATH=/opt/ros/iron /usr/bin/cmake --build /overlay_ws/build/ariac_controllers -- -j12 -l12
[2.678s] [ 50%] [32mBuilding CXX object CMakeFiles/ariac_controllers.dir/src/static_controller.cpp.o[0m
[7.177s] [100%] [32m[1mLinking CXX shared library libariac_controllers.so[0m
[7.360s] [100%] Built target ariac_controllers
[7.370s] Invoked command in '/overlay_ws/build/ariac_controllers' returned '0': CMAKE_PREFIX_PATH=/opt/ros/iron /usr/bin/cmake --build /overlay_ws/build/ariac_controllers -- -j12 -l12
[7.394s] Invoking command in '/overlay_ws/build/ariac_controllers': CMAKE_PREFIX_PATH=/opt/ros/iron /usr/bin/cmake --install /overlay_ws/build/ariac_controllers
[7.401s] -- Install configuration: ""
[7.401s] -- Execute custom install script
[7.401s] -- Symlinking: /overlay_ws/install/ariac_controllers/share/ariac_controllers//controllers.xml
[7.409s] -- Symlinking: /overlay_ws/install/ariac_controllers/lib/libariac_controllers.so
[7.417s] -- Symlinking: /overlay_ws/install/ariac_controllers/include/ariac_controllers/static_controller.hpp
[7.424s] -- Symlinking: /overlay_ws/install/ariac_controllers/share/ariac_controllers/environment/library_path.sh
[7.432s] -- Symlinking: /overlay_ws/install/ariac_controllers/share/ariac_controllers/environment/library_path.dsv
[7.439s] -- Symlinking: /overlay_ws/install/ariac_controllers/share/ament_index/resource_index/package_run_dependencies/ariac_controllers
[7.447s] -- Symlinking: /overlay_ws/install/ariac_controllers/share/ament_index/resource_index/parent_prefix_path/ariac_controllers
[7.456s] -- Symlinking: /overlay_ws/install/ariac_controllers/share/ariac_controllers/environment/ament_prefix_path.sh
[7.465s] -- Symlinking: /overlay_ws/install/ariac_controllers/share/ariac_controllers/environment/ament_prefix_path.dsv
[7.474s] -- Symlinking: /overlay_ws/install/ariac_controllers/share/ariac_controllers/environment/path.sh
[7.482s] -- Symlinking: /overlay_ws/install/ariac_controllers/share/ariac_controllers/environment/path.dsv
[7.490s] -- Symlinking: /overlay_ws/install/ariac_controllers/share/ariac_controllers/local_setup.bash
[7.499s] -- Symlinking: /overlay_ws/install/ariac_controllers/share/ariac_controllers/local_setup.sh
[7.507s] -- Symlinking: /overlay_ws/install/ariac_controllers/share/ariac_controllers/local_setup.zsh
[7.516s] -- Symlinking: /overlay_ws/install/ariac_controllers/share/ariac_controllers/local_setup.dsv
[7.524s] -- Symlinking: /overlay_ws/install/ariac_controllers/share/ariac_controllers/package.dsv
[7.533s] -- Symlinking: /overlay_ws/install/ariac_controllers/share/ament_index/resource_index/packages/ariac_controllers
[7.541s] -- Symlinking: /overlay_ws/install/ariac_controllers/share/ament_index/resource_index/controller_interface__pluginlib__plugin/ariac_controllers
[7.550s] -- Symlinking: /overlay_ws/install/ariac_controllers/share/ariac_controllers/cmake/ament_cmake_export_libraries-extras.cmake
[7.564s] -- Symlinking: /overlay_ws/install/ariac_controllers/share/ariac_controllers/cmake/ament_cmake_export_include_directories-extras.cmake
[7.578s] -- Symlinking: /overlay_ws/install/ariac_controllers/share/ariac_controllers/cmake/ament_cmake_export_dependencies-extras.cmake
[7.589s] -- Symlinking: /overlay_ws/install/ariac_controllers/share/ariac_controllers/cmake/ariac_controllersConfig.cmake
[7.600s] -- Symlinking: /overlay_ws/install/ariac_controllers/share/ariac_controllers/cmake/ariac_controllersConfig-version.cmake
[7.611s] -- Symlinking: /overlay_ws/install/ariac_controllers/share/ariac_controllers/package.xml
[7.627s] Invoked command in '/overlay_ws/build/ariac_controllers' returned '0': CMAKE_PREFIX_PATH=/opt/ros/iron /usr/bin/cmake --install /overlay_ws/build/ariac_controllers
