-- The C compiler identification is GNU 11.4.0
-- The CXX compiler identification is GNU 11.4.0
-- Detecting C compiler ABI info
-- Detecting C compiler ABI info - done
-- Check for working C compiler: /usr/bin/cc - skipped
-- Detecting C compile features
-- Detecting C compile features - done
-- Detecting CXX compiler ABI info
-- Detecting CXX compiler ABI info - done
-- Check for working CXX compiler: /usr/bin/c++ - skipped
-- Detecting CXX compile features
-- Detecting CXX compile features - done
-- Found ament_cmake: 2.0.5 (/opt/ros/iron/share/ament_cmake/cmake)
-- Found Python3: /usr/bin/python3.10 (found version "3.10.12") found components: Interpreter 
-- Override CMake install command with custom implementation using symlinks instead of copying resources
-- Configuring done
-- Generating done
-- Build files have been written to: /overlay_ws/build/ariac_moveit_config
-- Install configuration: ""
-- Execute custom install script
-- Symlinking: /overlay_ws/install/ariac_moveit_config/share/ariac_moveit_config/config/ariac_robots.srdf
-- Symlinking: /overlay_ws/install/ariac_moveit_config/share/ariac_moveit_config/config/joint_limits.yaml
-- Symlinking: /overlay_ws/install/ariac_moveit_config/share/ariac_moveit_config/config/kinematics.yaml
-- Symlinking: /overlay_ws/install/ariac_moveit_config/share/ariac_moveit_config/config/moveit_controllers.yaml
-- Symlinking: /overlay_ws/install/ariac_moveit_config/share/ariac_moveit_config/config/ompl_planning.yaml
-- Symlinking: /overlay_ws/install/ariac_moveit_config/share/ariac_moveit_config/launch/ariac_robots_moveit.launch.py
-- Symlinking: /overlay_ws/install/ariac_moveit_config/share/ariac_moveit_config/rviz/moveit.rviz
-- Symlinking: /overlay_ws/install/ariac_moveit_config/share/ament_index/resource_index/package_run_dependencies/ariac_moveit_config
-- Symlinking: /overlay_ws/install/ariac_moveit_config/share/ament_index/resource_index/parent_prefix_path/ariac_moveit_config
-- Symlinking: /overlay_ws/install/ariac_moveit_config/share/ariac_moveit_config/environment/ament_prefix_path.sh
-- Symlinking: /overlay_ws/install/ariac_moveit_config/share/ariac_moveit_config/environment/ament_prefix_path.dsv
-- Symlinking: /overlay_ws/install/ariac_moveit_config/share/ariac_moveit_config/environment/path.sh
-- Symlinking: /overlay_ws/install/ariac_moveit_config/share/ariac_moveit_config/environment/path.dsv
-- Symlinking: /overlay_ws/install/ariac_moveit_config/share/ariac_moveit_config/local_setup.bash
-- Symlinking: /overlay_ws/install/ariac_moveit_config/share/ariac_moveit_config/local_setup.sh
-- Symlinking: /overlay_ws/install/ariac_moveit_config/share/ariac_moveit_config/local_setup.zsh
-- Symlinking: /overlay_ws/install/ariac_moveit_config/share/ariac_moveit_config/local_setup.dsv
-- Symlinking: /overlay_ws/install/ariac_moveit_config/share/ariac_moveit_config/package.dsv
-- Symlinking: /overlay_ws/install/ariac_moveit_config/share/ament_index/resource_index/packages/ariac_moveit_config
-- Symlinking: /overlay_ws/install/ariac_moveit_config/share/ariac_moveit_config/cmake/ariac_moveit_configConfig.cmake
-- Symlinking: /overlay_ws/install/ariac_moveit_config/share/ariac_moveit_config/cmake/ariac_moveit_configConfig-version.cmake
-- Symlinking: /overlay_ws/install/ariac_moveit_config/share/ariac_moveit_config/package.xml
