[0.035s] Invoking command in '/overlay_ws/build/ariac_controllers': CMAKE_PREFIX_PATH=${CMAKE_PREFIX_PATH}:/overlay_ws/install/ariac_gui:/opt/ros/iron /usr/bin/cmake --build /overlay_ws/build/ariac_controllers -- -j12 -l12
[0.129s] [35m[1mConsolidate compiler generated dependencies of target ariac_controllers[0m
[0.171s] [100%] Built target ariac_controllers
[0.206s] Invoked command in '/overlay_ws/build/ariac_controllers' returned '0': CMAKE_PREFIX_PATH=${CMAKE_PREFIX_PATH}:/overlay_ws/install/ariac_gui:/opt/ros/iron /usr/bin/cmake --build /overlay_ws/build/ariac_controllers -- -j12 -l12
[0.263s] Invoking command in '/overlay_ws/build/ariac_controllers': CMAKE_PREFIX_PATH=${CMAKE_PREFIX_PATH}:/overlay_ws/install/ariac_gui:/opt/ros/iron /usr/bin/cmake --install /overlay_ws/build/ariac_controllers
[0.277s] -- Install configuration: ""
[0.282s] -- Execute custom install script
[0.282s] -- Up-to-date symlink: /overlay_ws/install/ariac_controllers/share/ariac_controllers//controllers.xml
[0.283s] -- Up-to-date symlink: /overlay_ws/install/ariac_controllers/lib/libariac_controllers.so
[0.285s] -- Up-to-date symlink: /overlay_ws/install/ariac_controllers/include/ariac_controllers/static_controller.hpp
[0.286s] -- Up-to-date symlink: /overlay_ws/install/ariac_controllers/share/ariac_controllers/environment/library_path.sh
[0.286s] -- Up-to-date symlink: /overlay_ws/install/ariac_controllers/share/ariac_controllers/environment/library_path.dsv
[0.287s] -- Up-to-date symlink: /overlay_ws/install/ariac_controllers/share/ament_index/resource_index/package_run_dependencies/ariac_controllers
[0.288s] -- Up-to-date symlink: /overlay_ws/install/ariac_controllers/share/ament_index/resource_index/parent_prefix_path/ariac_controllers
[0.290s] -- Up-to-date symlink: /overlay_ws/install/ariac_controllers/share/ariac_controllers/environment/ament_prefix_path.sh
[0.290s] -- Up-to-date symlink: /overlay_ws/install/ariac_controllers/share/ariac_controllers/environment/ament_prefix_path.dsv
[0.291s] -- Up-to-date symlink: /overlay_ws/install/ariac_controllers/share/ariac_controllers/environment/path.sh
[0.291s] -- Up-to-date symlink: /overlay_ws/install/ariac_controllers/share/ariac_controllers/environment/path.dsv
[0.292s] -- Up-to-date symlink: /overlay_ws/install/ariac_controllers/share/ariac_controllers/local_setup.bash
[0.292s] -- Up-to-date symlink: /overlay_ws/install/ariac_controllers/share/ariac_controllers/local_setup.sh
[0.293s] -- Up-to-date symlink: /overlay_ws/install/ariac_controllers/share/ariac_controllers/local_setup.zsh
[0.293s] -- Up-to-date symlink: /overlay_ws/install/ariac_controllers/share/ariac_controllers/local_setup.dsv
[0.294s] -- Symlinking: /overlay_ws/install/ariac_controllers/share/ariac_controllers/package.dsv
[0.307s] -- Up-to-date symlink: /overlay_ws/install/ariac_controllers/share/ament_index/resource_index/packages/ariac_controllers
[0.308s] -- Up-to-date symlink: /overlay_ws/install/ariac_controllers/share/ament_index/resource_index/controller_interface__pluginlib__plugin/ariac_controllers
[0.309s] -- Up-to-date symlink: /overlay_ws/install/ariac_controllers/share/ariac_controllers/cmake/ament_cmake_export_libraries-extras.cmake
[0.310s] -- Up-to-date symlink: /overlay_ws/install/ariac_controllers/share/ariac_controllers/cmake/ament_cmake_export_include_directories-extras.cmake
[0.310s] -- Up-to-date symlink: /overlay_ws/install/ariac_controllers/share/ariac_controllers/cmake/ament_cmake_export_dependencies-extras.cmake
[0.311s] -- Up-to-date symlink: /overlay_ws/install/ariac_controllers/share/ariac_controllers/cmake/ariac_controllersConfig.cmake
[0.312s] -- Up-to-date symlink: /overlay_ws/install/ariac_controllers/share/ariac_controllers/cmake/ariac_controllersConfig-version.cmake
[0.312s] -- Up-to-date symlink: /overlay_ws/install/ariac_controllers/share/ariac_controllers/package.xml
[0.317s] Invoked command in '/overlay_ws/build/ariac_controllers' returned '0': CMAKE_PREFIX_PATH=${CMAKE_PREFIX_PATH}:/overlay_ws/install/ariac_gui:/opt/ros/iron /usr/bin/cmake --install /overlay_ws/build/ariac_controllers
